<?xml version="1.0" encoding="UTF-8"?>
<!-- Generated by org.testng.reporters.JUnitReportReporter -->
<testsuite hostname="mosin" failures="0" tests="4" name="day37.ParamTest" time="0.151" errors="0" timestamp="2024-02-06T14:40:53 IST" skipped="0">
  <testcase classname="day37.ParamTest" name="testLogo" time="0.083"/>
  <system-out/>
  <testcase classname="day37.ParamTest" name="testLogo" time="0.034"/>
  <system-out/>
  <testcase classname="day37.ParamTest" name="testHomepageTitle" time="0.011"/>
  <system-out/>
  <testcase classname="day37.ParamTest" name="testHomepageTitle" time="0.023"/>
  <system-out/>
</testsuite> <!-- day37.ParamTest -->
