<?xml version="1.0" encoding="UTF-8"?>
<!-- Generated by org.testng.reporters.JUnitReportReporter -->
<testsuite hostname="mosin" failures="0" tests="3" name="day36.DataproviderDemo" time="3.609" errors="0" timestamp="2024-02-05T15:58:52 IST" skipped="0">
  <testcase classname="day36.DataproviderDemo" name="testLogin" time="0.748"/>
  <system-out/>
  <testcase classname="day36.DataproviderDemo" name="testLogin" time="2.213"/>
  <system-out/>
  <testcase classname="day36.DataproviderDemo" name="testLogin" time="0.648"/>
  <system-out/>
</testsuite> <!-- day36.DataproviderDemo -->
