<?xml version="1.0" encoding="UTF-8"?>
<!-- Generated by org.testng.reporters.JUnitReportReporter -->
<testsuite hostname="mosin" failures="0" tests="3" name="day34.ThirdTest" time="4.355" errors="0" timestamp="2024-02-05T09:05:49 IST" skipped="0">
  <testcase classname="day34.ThirdTest" name="openapp" time="4.264"/>
  <system-out/>
  <testcase classname="day34.ThirdTest" name="login" time="0.012"/>
  <system-out/>
  <testcase classname="day34.ThirdTest" name="logout" time="0.079"/>
  <system-out/>
</testsuite> <!-- day34.ThirdTest -->
