<?xml version="1.0" encoding="UTF-8"?>
<!-- Generated by org.testng.reporters.JUnitReportReporter -->
<testsuite hostname="mosin" failures="0" tests="2" name="day35.pack1.Class1" time="0.007" errors="0" timestamp="2024-02-05T10:09:31 IST" skipped="0">
  <testcase classname="day35.pack1.Class1" name="abc" time="0.006"/>
  <system-out/>
  <testcase classname="day35.pack1.Class1" name="abc" time="0.001"/>
  <system-out/>
</testsuite> <!-- day35.pack1.Class1 -->
