<?xml version="1.0" encoding="UTF-8"?>
<!-- Generated by org.testng.reporters.JUnitReportReporter -->
<testsuite hostname="mosin" failures="0" tests="3" name="day34.FirstTest" time="0.010" errors="0" timestamp="2024-02-26T13:51:22 IST" skipped="0">
  <testcase classname="day34.FirstTest" name="test1" time="0.008"/>
  <system-out/>
  <testcase classname="day34.FirstTest" name="test2" time="0.001"/>
  <system-out/>
  <testcase classname="day34.FirstTest" name="test3" time="0.001"/>
  <system-out/>
</testsuite> <!-- day34.FirstTest -->
