<?xml version="1.0" encoding="UTF-8"?>
<!-- Generated by org.testng.reporters.JUnitReportReporter -->
<testsuite hostname="mosin" failures="0" tests="2" name="day35.AnnotationsDemo1" time="0.013" errors="0" timestamp="2024-02-05T09:35:44 IST" skipped="0">
  <testcase classname="day35.AnnotationsDemo1" name="search" time="0.007"/>
  <system-out/>
  <testcase classname="day35.AnnotationsDemo1" name="advancedsearch" time="0.006"/>
  <system-out/>
</testsuite> <!-- day35.AnnotationsDemo1 -->
