<?xml version="1.0" encoding="UTF-8"?>
<!-- Generated by org.testng.reporters.JUnitReportReporter -->
<testsuite hostname="mosin" failures="0" tests="1000" name="day37.Invocationcount" time="0.228" errors="0" timestamp="2024-02-06T09:41:20 IST" skipped="0">
  <testcase classname="day37.Invocationcount" name="Test" time="0.000"/>
  <system-out/>
  <testcase classname="day37.Invocationcount" name="Test" time="0.000"/>
  <system-out/>
  <testcase classname="day37.Invocationcount" name="Test" time="0.000"/>
  <system-out/>
  <testcase classname="day37.Invocationcount" name="Test" time="0.000"/>
  <system-out/>
  <testcase classname="day37.Invocationcount" name="Test" time="0.000"/>
  <system-out/>
  <testcase classname="day37.Invocationcount" name="Test" time="0.000"/>
  <system-out/>
  <testcase classname="day37.Invocationcount" name="Test" time="0.000"/>
  <system-out/>
  <testcase classname="day37.Invocationcount" name="Test" time="0.000"/>
  <system-out/>
  <testcase classname="day37.Invocationcount" name="Test" time="0.000"/>
  <system-out/>
  <testcase classname="day37.Invocationcount" name="Test" time="0.000"/>
  <system-out/>
  <testcase classname="day37.Invocationcount" name="Test" time="0.000"/>
  <system-out/>
  <testcase classname="day37.Invocationcount" name="Test" time="0.000"/>
  <system-out/>
  <testcase classname="day37.Invocationcount" name="Test" time="0.000"/>
  <system-out/>
  <testcase classname="day37.Invocationcount" name="Test" time="0.000"/>
  <system-out/>
  <testcase classname="day37.Invocationcount" name="Test" time="0.001"/>
  <system-out/>
  <testcase classname="day37.Invocationcount" name="Test" time="0.000"/>
  <system-out/>
  <testcase classname="day37.Invocationcount" name="Test" time="0.000"/>
  <system-out/>
  <testcase classname="day37.Invocationcount" name="Test" time="0.000"/>
  <system-out/>
  <testcase classname="day37.Invocationcount" name="Test" time="0.000"/>
  <system-out/>
  <testcase classname="day37.Invocationcount" name="Test" time="0.000"/>
  <system-out/>
  <testcase classname="day37.Invocationcount" name="Test" time="0.001"/>
  <system-out/>
  <testcase classname="day37.Invocationcount" name="Test" time="0.000"/>
  <system-out/>
  <testcase classname="day37.Invocationcount" name="Test" time="0.000"/>
  <system-out/>
  <testcase classname="day37.Invocationcount" name="Test" time="0.000"/>
  <system-out/>
  <testcase classname="day37.Invocationcount" name="Test" time="0.000"/>
  <system-out/>
  <testcase classname="day37.Invocationcount" name="Test" time="0.000"/>
  <system-out/>
  <testcase classname="day37.Invocationcount" name="Test" time="0.001"/>
  <system-out/>
  <testcase classname="day37.Invocationcount" name="Test" time="0.000"/>
  <system-out/>
  <testcase classname="day37.Invocationcount" name="Test" time="0.000"/>
  <system-out/>
  <testcase classname="day37.Invocationcount" name="Test" time="0.000"/>
  <system-out/>
  <testcase classname="day37.Invocationcount" name="Test" time="0.001"/>
  <system-out/>
  <testcase classname="day37.Invocationcount" name="Test" time="0.000"/>
  <system-out/>
  <testcase classname="day37.Invocationcount" name="Test" time="0.001"/>
  <system-out/>
  <testcase classname="day37.Invocationcount" name="Test" time="0.001"/>
  <system-out/>
  <testcase classname="day37.Invocationcount" name="Test" time="0.000"/>
  <system-out/>
  <testcase classname="day37.Invocationcount" name="Test" time="0.000"/>
  <system-out/>
  <testcase classname="day37.Invocationcount" name="Test" time="0.001"/>
  <system-out/>
  <testcase classname="day37.Invocationcount" name="Test" time="0.000"/>
  <system-out/>
  <testcase classname="day37.Invocationcount" name="Test" time="0.000"/>
  <system-out/>
  <testcase classname="day37.Invocationcount" name="Test" time="0.000"/>
  <system-out/>
  <testcase classname="day37.Invocationcount" name="Test" time="0.001"/>
  <system-out/>
  <testcase classname="day37.Invocationcount" name="Test" time="0.000"/>
  <system-out/>
  <testcase classname="day37.Invocationcount" name="Test" time="0.000"/>
  <system-out/>
  <testcase classname="day37.Invocationcount" name="Test" time="0.000"/>
  <system-out/>
  <testcase classname="day37.Invocationcount" name="Test" time="0.000"/>
  <system-out/>
  <testcase classname="day37.Invocationcount" name="Test" time="0.000"/>
  <system-out/>
  <testcase classname="day37.Invocationcount" name="Test" time="0.001"/>
  <system-out/>
  <testcase classname="day37.Invocationcount" name="Test" time="0.000"/>
  <system-out/>
  <testcase classname="day37.Invocationcount" name="Test" time="0.000"/>
  <system-out/>
  <testcase classname="day37.Invocationcount" name="Test" time="0.000"/>
  <system-out/>
  <testcase classname="day37.Invocationcount" name="Test" time="0.000"/>
  <system-out/>
  <testcase classname="day37.Invocationcount" name="Test" time="0.000"/>
  <system-out/>
  <testcase classname="day37.Invocationcount" name="Test" time="0.000"/>
  <system-out/>
  <testcase classname="day37.Invocationcount" name="Test" time="0.000"/>
  <system-out/>
  <testcase classname="day37.Invocationcount" name="Test" time="0.000"/>
  <system-out/>
  <testcase classname="day37.Invocationcount" name="Test" time="0.001"/>
  <system-out/>
  <testcase classname="day37.Invocationcount" name="Test" time="0.000"/>
  <system-out/>
  <testcase classname="day37.Invocationcount" name="Test" time="0.000"/>
  <system-out/>
  <testcase classname="day37.Invocationcount" name="Test" time="0.000"/>
  <system-out/>
  <testcase classname="day37.Invocationcount" name="Test" time="0.000"/>
  <system-out/>
  <testcase classname="day37.Invocationcount" name="Test" time="0.001"/>
  <system-out/>
  <testcase classname="day37.Invocationcount" name="Test" time="0.000"/>
  <system-out/>
  <testcase classname="day37.Invocationcount" name="Test" time="0.000"/>
  <system-out/>
  <testcase classname="day37.Invocationcount" name="Test" time="0.001"/>
  <system-out/>
  <testcase classname="day37.Invocationcount" name="Test" time="0.001"/>
  <system-out/>
  <testcase classname="day37.Invocationcount" name="Test" time="0.001"/>
  <system-out/>
  <testcase classname="day37.Invocationcount" name="Test" time="0.000"/>
  <system-out/>
  <testcase classname="day37.Invocationcount" name="Test" time="0.001"/>
  <system-out/>
  <testcase classname="day37.Invocationcount" name="Test" time="0.000"/>
  <system-out/>
  <testcase classname="day37.Invocationcount" name="Test" time="0.000"/>
  <system-out/>
  <testcase classname="day37.Invocationcount" name="Test" time="0.000"/>
  <system-out/>
  <testcase classname="day37.Invocationcount" name="Test" time="0.001"/>
  <system-out/>
  <testcase classname="day37.Invocationcount" name="Test" time="0.000"/>
  <system-out/>
  <testcase classname="day37.Invocationcount" name="Test" time="0.000"/>
  <system-out/>
  <testcase classname="day37.Invocationcount" name="Test" time="0.000"/>
  <system-out/>
  <testcase classname="day37.Invocationcount" name="Test" time="0.000"/>
  <system-out/>
  <testcase classname="day37.Invocationcount" name="Test" time="0.001"/>
  <system-out/>
  <testcase classname="day37.Invocationcount" name="Test" time="0.000"/>
  <system-out/>
  <testcase classname="day37.Invocationcount" name="Test" time="0.001"/>
  <system-out/>
  <testcase classname="day37.Invocationcount" name="Test" time="0.000"/>
  <system-out/>
  <testcase classname="day37.Invocationcount" name="Test" time="0.000"/>
  <system-out/>
  <testcase classname="day37.Invocationcount" name="Test" time="0.000"/>
  <system-out/>
  <testcase classname="day37.Invocationcount" name="Test" time="0.000"/>
  <system-out/>
  <testcase classname="day37.Invocationcount" name="Test" time="0.001"/>
  <system-out/>
  <testcase classname="day37.Invocationcount" name="Test" time="0.000"/>
  <system-out/>
  <testcase classname="day37.Invocationcount" name="Test" time="0.000"/>
  <system-out/>
  <testcase classname="day37.Invocationcount" name="Test" time="0.001"/>
  <system-out/>
  <testcase classname="day37.Invocationcount" name="Test" time="0.000"/>
  <system-out/>
  <testcase classname="day37.Invocationcount" name="Test" time="0.000"/>
  <system-out/>
  <testcase classname="day37.Invocationcount" name="Test" time="0.001"/>
  <system-out/>
  <testcase classname="day37.Invocationcount" name="Test" time="0.000"/>
  <system-out/>
  <testcase classname="day37.Invocationcount" name="Test" time="0.000"/>
  <system-out/>
  <testcase classname="day37.Invocationcount" name="Test" time="0.001"/>
  <system-out/>
  <testcase classname="day37.Invocationcount" name="Test" time="0.000"/>
  <system-out/>
  <testcase classname="day37.Invocationcount" name="Test" time="0.001"/>
  <system-out/>
  <testcase classname="day37.Invocationcount" name="Test" time="0.000"/>
  <system-out/>
  <testcase classname="day37.Invocationcount" name="Test" time="0.000"/>
  <system-out/>
  <testcase classname="day37.Invocationcount" name="Test" time="0.000"/>
  <system-out/>
  <testcase classname="day37.Invocationcount" name="Test" time="0.000"/>
  <system-out/>
  <testcase classname="day37.Invocationcount" name="Test" time="0.000"/>
  <system-out/>
  <testcase classname="day37.Invocationcount" name="Test" time="0.000"/>
  <system-out/>
  <testcase classname="day37.Invocationcount" name="Test" time="0.000"/>
  <system-out/>
  <testcase classname="day37.Invocationcount" name="Test" time="0.000"/>
  <system-out/>
  <testcase classname="day37.Invocationcount" name="Test" time="0.001"/>
  <system-out/>
  <testcase classname="day37.Invocationcount" name="Test" time="0.000"/>
  <system-out/>
  <testcase classname="day37.Invocationcount" name="Test" time="0.000"/>
  <system-out/>
  <testcase classname="day37.Invocationcount" name="Test" time="0.000"/>
  <system-out/>
  <testcase classname="day37.Invocationcount" name="Test" time="0.000"/>
  <system-out/>
  <testcase classname="day37.Invocationcount" name="Test" time="0.000"/>
  <system-out/>
  <testcase classname="day37.Invocationcount" name="Test" time="0.000"/>
  <system-out/>
  <testcase classname="day37.Invocationcount" name="Test" time="0.000"/>
  <system-out/>
  <testcase classname="day37.Invocationcount" name="Test" time="0.000"/>
  <system-out/>
  <testcase classname="day37.Invocationcount" name="Test" time="0.000"/>
  <system-out/>
  <testcase classname="day37.Invocationcount" name="Test" time="0.001"/>
  <system-out/>
  <testcase classname="day37.Invocationcount" name="Test" time="0.000"/>
  <system-out/>
  <testcase classname="day37.Invocationcount" name="Test" time="0.000"/>
  <system-out/>
  <testcase classname="day37.Invocationcount" name="Test" time="0.000"/>
  <system-out/>
  <testcase classname="day37.Invocationcount" name="Test" time="0.000"/>
  <system-out/>
  <testcase classname="day37.Invocationcount" name="Test" time="0.000"/>
  <system-out/>
  <testcase classname="day37.Invocationcount" name="Test" time="0.000"/>
  <system-out/>
  <testcase classname="day37.Invocationcount" name="Test" time="0.000"/>
  <system-out/>
  <testcase classname="day37.Invocationcount" name="Test" time="0.001"/>
  <system-out/>
  <testcase classname="day37.Invocationcount" name="Test" time="0.000"/>
  <system-out/>
  <testcase classname="day37.Invocationcount" name="Test" time="0.001"/>
  <system-out/>
  <testcase classname="day37.Invocationcount" name="Test" time="0.000"/>
  <system-out/>
  <testcase classname="day37.Invocationcount" name="Test" time="0.000"/>
  <system-out/>
  <testcase classname="day37.Invocationcount" name="Test" time="0.000"/>
  <system-out/>
  <testcase classname="day37.Invocationcount" name="Test" time="0.001"/>
  <system-out/>
  <testcase classname="day37.Invocationcount" name="Test" time="0.001"/>
  <system-out/>
  <testcase classname="day37.Invocationcount" name="Test" time="0.001"/>
  <system-out/>
  <testcase classname="day37.Invocationcount" name="Test" time="0.000"/>
  <system-out/>
  <testcase classname="day37.Invocationcount" name="Test" time="0.001"/>
  <system-out/>
  <testcase classname="day37.Invocationcount" name="Test" time="0.001"/>
  <system-out/>
  <testcase classname="day37.Invocationcount" name="Test" time="0.000"/>
  <system-out/>
  <testcase classname="day37.Invocationcount" name="Test" time="0.000"/>
  <system-out/>
  <testcase classname="day37.Invocationcount" name="Test" time="0.000"/>
  <system-out/>
  <testcase classname="day37.Invocationcount" name="Test" time="0.000"/>
  <system-out/>
  <testcase classname="day37.Invocationcount" name="Test" time="0.000"/>
  <system-out/>
  <testcase classname="day37.Invocationcount" name="Test" time="0.001"/>
  <system-out/>
  <testcase classname="day37.Invocationcount" name="Test" time="0.000"/>
  <system-out/>
  <testcase classname="day37.Invocationcount" name="Test" time="0.001"/>
  <system-out/>
  <testcase classname="day37.Invocationcount" name="Test" time="0.000"/>
  <system-out/>
  <testcase classname="day37.Invocationcount" name="Test" time="0.000"/>
  <system-out/>
  <testcase classname="day37.Invocationcount" name="Test" time="0.000"/>
  <system-out/>
  <testcase classname="day37.Invocationcount" name="Test" time="0.000"/>
  <system-out/>
  <testcase classname="day37.Invocationcount" name="Test" time="0.000"/>
  <system-out/>
  <testcase classname="day37.Invocationcount" name="Test" time="0.000"/>
  <system-out/>
  <testcase classname="day37.Invocationcount" name="Test" time="0.000"/>
  <system-out/>
  <testcase classname="day37.Invocationcount" name="Test" time="0.000"/>
  <system-out/>
  <testcase classname="day37.Invocationcount" name="Test" time="0.000"/>
  <system-out/>
  <testcase classname="day37.Invocationcount" name="Test" time="0.000"/>
  <system-out/>
  <testcase classname="day37.Invocationcount" name="Test" time="0.000"/>
  <system-out/>
  <testcase classname="day37.Invocationcount" name="Test" time="0.000"/>
  <system-out/>
  <testcase classname="day37.Invocationcount" name="Test" time="0.000"/>
  <system-out/>
  <testcase classname="day37.Invocationcount" name="Test" time="0.001"/>
  <system-out/>
  <testcase classname="day37.Invocationcount" name="Test" time="0.000"/>
  <system-out/>
  <testcase classname="day37.Invocationcount" name="Test" time="0.001"/>
  <system-out/>
  <testcase classname="day37.Invocationcount" name="Test" time="0.000"/>
  <system-out/>
  <testcase classname="day37.Invocationcount" name="Test" time="0.000"/>
  <system-out/>
  <testcase classname="day37.Invocationcount" name="Test" time="0.000"/>
  <system-out/>
  <testcase classname="day37.Invocationcount" name="Test" time="0.000"/>
  <system-out/>
  <testcase classname="day37.Invocationcount" name="Test" time="0.000"/>
  <system-out/>
  <testcase classname="day37.Invocationcount" name="Test" time="0.001"/>
  <system-out/>
  <testcase classname="day37.Invocationcount" name="Test" time="0.000"/>
  <system-out/>
  <testcase classname="day37.Invocationcount" name="Test" time="0.000"/>
  <system-out/>
  <testcase classname="day37.Invocationcount" name="Test" time="0.000"/>
  <system-out/>
  <testcase classname="day37.Invocationcount" name="Test" time="0.000"/>
  <system-out/>
  <testcase classname="day37.Invocationcount" name="Test" time="0.000"/>
  <system-out/>
  <testcase classname="day37.Invocationcount" name="Test" time="0.000"/>
  <system-out/>
  <testcase classname="day37.Invocationcount" name="Test" time="0.001"/>
  <system-out/>
  <testcase classname="day37.Invocationcount" name="Test" time="0.000"/>
  <system-out/>
  <testcase classname="day37.Invocationcount" name="Test" time="0.000"/>
  <system-out/>
  <testcase classname="day37.Invocationcount" name="Test" time="0.000"/>
  <system-out/>
  <testcase classname="day37.Invocationcount" name="Test" time="0.000"/>
  <system-out/>
  <testcase classname="day37.Invocationcount" name="Test" time="0.000"/>
  <system-out/>
  <testcase classname="day37.Invocationcount" name="Test" time="0.001"/>
  <system-out/>
  <testcase classname="day37.Invocationcount" name="Test" time="0.000"/>
  <system-out/>
  <testcase classname="day37.Invocationcount" name="Test" time="0.000"/>
  <system-out/>
  <testcase classname="day37.Invocationcount" name="Test" time="0.000"/>
  <system-out/>
  <testcase classname="day37.Invocationcount" name="Test" time="0.000"/>
  <system-out/>
  <testcase classname="day37.Invocationcount" name="Test" time="0.000"/>
  <system-out/>
  <testcase classname="day37.Invocationcount" name="Test" time="0.000"/>
  <system-out/>
  <testcase classname="day37.Invocationcount" name="Test" time="0.000"/>
  <system-out/>
  <testcase classname="day37.Invocationcount" name="Test" time="0.000"/>
  <system-out/>
  <testcase classname="day37.Invocationcount" name="Test" time="0.000"/>
  <system-out/>
  <testcase classname="day37.Invocationcount" name="Test" time="0.001"/>
  <system-out/>
  <testcase classname="day37.Invocationcount" name="Test" time="0.002"/>
  <system-out/>
  <testcase classname="day37.Invocationcount" name="Test" time="0.000"/>
  <system-out/>
  <testcase classname="day37.Invocationcount" name="Test" time="0.000"/>
  <system-out/>
  <testcase classname="day37.Invocationcount" name="Test" time="0.000"/>
  <system-out/>
  <testcase classname="day37.Invocationcount" name="Test" time="0.001"/>
  <system-out/>
  <testcase classname="day37.Invocationcount" name="Test" time="0.001"/>
  <system-out/>
  <testcase classname="day37.Invocationcount" name="Test" time="0.000"/>
  <system-out/>
  <testcase classname="day37.Invocationcount" name="Test" time="0.000"/>
  <system-out/>
  <testcase classname="day37.Invocationcount" name="Test" time="0.001"/>
  <system-out/>
  <testcase classname="day37.Invocationcount" name="Test" time="0.000"/>
  <system-out/>
  <testcase classname="day37.Invocationcount" name="Test" time="0.001"/>
  <system-out/>
  <testcase classname="day37.Invocationcount" name="Test" time="0.000"/>
  <system-out/>
  <testcase classname="day37.Invocationcount" name="Test" time="0.000"/>
  <system-out/>
  <testcase classname="day37.Invocationcount" name="Test" time="0.000"/>
  <system-out/>
  <testcase classname="day37.Invocationcount" name="Test" time="0.000"/>
  <system-out/>
  <testcase classname="day37.Invocationcount" name="Test" time="0.000"/>
  <system-out/>
  <testcase classname="day37.Invocationcount" name="Test" time="0.000"/>
  <system-out/>
  <testcase classname="day37.Invocationcount" name="Test" time="0.000"/>
  <system-out/>
  <testcase classname="day37.Invocationcount" name="Test" time="0.000"/>
  <system-out/>
  <testcase classname="day37.Invocationcount" name="Test" time="0.000"/>
  <system-out/>
  <testcase classname="day37.Invocationcount" name="Test" time="0.000"/>
  <system-out/>
  <testcase classname="day37.Invocationcount" name="Test" time="0.000"/>
  <system-out/>
  <testcase classname="day37.Invocationcount" name="Test" time="0.000"/>
  <system-out/>
  <testcase classname="day37.Invocationcount" name="Test" time="0.000"/>
  <system-out/>
  <testcase classname="day37.Invocationcount" name="Test" time="0.000"/>
  <system-out/>
  <testcase classname="day37.Invocationcount" name="Test" time="0.000"/>
  <system-out/>
  <testcase classname="day37.Invocationcount" name="Test" time="0.000"/>
  <system-out/>
  <testcase classname="day37.Invocationcount" name="Test" time="0.000"/>
  <system-out/>
  <testcase classname="day37.Invocationcount" name="Test" time="0.000"/>
  <system-out/>
  <testcase classname="day37.Invocationcount" name="Test" time="0.000"/>
  <system-out/>
  <testcase classname="day37.Invocationcount" name="Test" time="0.000"/>
  <system-out/>
  <testcase classname="day37.Invocationcount" name="Test" time="0.000"/>
  <system-out/>
  <testcase classname="day37.Invocationcount" name="Test" time="0.001"/>
  <system-out/>
  <testcase classname="day37.Invocationcount" name="Test" time="0.000"/>
  <system-out/>
  <testcase classname="day37.Invocationcount" name="Test" time="0.000"/>
  <system-out/>
  <testcase classname="day37.Invocationcount" name="Test" time="0.000"/>
  <system-out/>
  <testcase classname="day37.Invocationcount" name="Test" time="0.000"/>
  <system-out/>
  <testcase classname="day37.Invocationcount" name="Test" time="0.000"/>
  <system-out/>
  <testcase classname="day37.Invocationcount" name="Test" time="0.000"/>
  <system-out/>
  <testcase classname="day37.Invocationcount" name="Test" time="0.002"/>
  <system-out/>
  <testcase classname="day37.Invocationcount" name="Test" time="0.000"/>
  <system-out/>
  <testcase classname="day37.Invocationcount" name="Test" time="0.000"/>
  <system-out/>
  <testcase classname="day37.Invocationcount" name="Test" time="0.000"/>
  <system-out/>
  <testcase classname="day37.Invocationcount" name="Test" time="0.000"/>
  <system-out/>
  <testcase classname="day37.Invocationcount" name="Test" time="0.000"/>
  <system-out/>
  <testcase classname="day37.Invocationcount" name="Test" time="0.000"/>
  <system-out/>
  <testcase classname="day37.Invocationcount" name="Test" time="0.001"/>
  <system-out/>
  <testcase classname="day37.Invocationcount" name="Test" time="0.001"/>
  <system-out/>
  <testcase classname="day37.Invocationcount" name="Test" time="0.002"/>
  <system-out/>
  <testcase classname="day37.Invocationcount" name="Test" time="0.000"/>
  <system-out/>
  <testcase classname="day37.Invocationcount" name="Test" time="0.000"/>
  <system-out/>
  <testcase classname="day37.Invocationcount" name="Test" time="0.000"/>
  <system-out/>
  <testcase classname="day37.Invocationcount" name="Test" time="0.000"/>
  <system-out/>
  <testcase classname="day37.Invocationcount" name="Test" time="0.000"/>
  <system-out/>
  <testcase classname="day37.Invocationcount" name="Test" time="0.000"/>
  <system-out/>
  <testcase classname="day37.Invocationcount" name="Test" time="0.000"/>
  <system-out/>
  <testcase classname="day37.Invocationcount" name="Test" time="0.001"/>
  <system-out/>
  <testcase classname="day37.Invocationcount" name="Test" time="0.000"/>
  <system-out/>
  <testcase classname="day37.Invocationcount" name="Test" time="0.000"/>
  <system-out/>
  <testcase classname="day37.Invocationcount" name="Test" time="0.001"/>
  <system-out/>
  <testcase classname="day37.Invocationcount" name="Test" time="0.000"/>
  <system-out/>
  <testcase classname="day37.Invocationcount" name="Test" time="0.000"/>
  <system-out/>
  <testcase classname="day37.Invocationcount" name="Test" time="0.000"/>
  <system-out/>
  <testcase classname="day37.Invocationcount" name="Test" time="0.000"/>
  <system-out/>
  <testcase classname="day37.Invocationcount" name="Test" time="0.000"/>
  <system-out/>
  <testcase classname="day37.Invocationcount" name="Test" time="0.000"/>
  <system-out/>
  <testcase classname="day37.Invocationcount" name="Test" time="0.000"/>
  <system-out/>
  <testcase classname="day37.Invocationcount" name="Test" time="0.000"/>
  <system-out/>
  <testcase classname="day37.Invocationcount" name="Test" time="0.000"/>
  <system-out/>
  <testcase classname="day37.Invocationcount" name="Test" time="0.001"/>
  <system-out/>
  <testcase classname="day37.Invocationcount" name="Test" time="0.001"/>
  <system-out/>
  <testcase classname="day37.Invocationcount" name="Test" time="0.000"/>
  <system-out/>
  <testcase classname="day37.Invocationcount" name="Test" time="0.000"/>
  <system-out/>
  <testcase classname="day37.Invocationcount" name="Test" time="0.000"/>
  <system-out/>
  <testcase classname="day37.Invocationcount" name="Test" time="0.000"/>
  <system-out/>
  <testcase classname="day37.Invocationcount" name="Test" time="0.000"/>
  <system-out/>
  <testcase classname="day37.Invocationcount" name="Test" time="0.001"/>
  <system-out/>
  <testcase classname="day37.Invocationcount" name="Test" time="0.000"/>
  <system-out/>
  <testcase classname="day37.Invocationcount" name="Test" time="0.000"/>
  <system-out/>
  <testcase classname="day37.Invocationcount" name="Test" time="0.000"/>
  <system-out/>
  <testcase classname="day37.Invocationcount" name="Test" time="0.000"/>
  <system-out/>
  <testcase classname="day37.Invocationcount" name="Test" time="0.000"/>
  <system-out/>
  <testcase classname="day37.Invocationcount" name="Test" time="0.001"/>
  <system-out/>
  <testcase classname="day37.Invocationcount" name="Test" time="0.002"/>
  <system-out/>
  <testcase classname="day37.Invocationcount" name="Test" time="0.000"/>
  <system-out/>
  <testcase classname="day37.Invocationcount" name="Test" time="0.000"/>
  <system-out/>
  <testcase classname="day37.Invocationcount" name="Test" time="0.000"/>
  <system-out/>
  <testcase classname="day37.Invocationcount" name="Test" time="0.001"/>
  <system-out/>
  <testcase classname="day37.Invocationcount" name="Test" time="0.000"/>
  <system-out/>
  <testcase classname="day37.Invocationcount" name="Test" time="0.000"/>
  <system-out/>
  <testcase classname="day37.Invocationcount" name="Test" time="0.000"/>
  <system-out/>
  <testcase classname="day37.Invocationcount" name="Test" time="0.000"/>
  <system-out/>
  <testcase classname="day37.Invocationcount" name="Test" time="0.000"/>
  <system-out/>
  <testcase classname="day37.Invocationcount" name="Test" time="0.000"/>
  <system-out/>
  <testcase classname="day37.Invocationcount" name="Test" time="0.000"/>
  <system-out/>
  <testcase classname="day37.Invocationcount" name="Test" time="0.000"/>
  <system-out/>
  <testcase classname="day37.Invocationcount" name="Test" time="0.000"/>
  <system-out/>
  <testcase classname="day37.Invocationcount" name="Test" time="0.000"/>
  <system-out/>
  <testcase classname="day37.Invocationcount" name="Test" time="0.000"/>
  <system-out/>
  <testcase classname="day37.Invocationcount" name="Test" time="0.001"/>
  <system-out/>
  <testcase classname="day37.Invocationcount" name="Test" time="0.001"/>
  <system-out/>
  <testcase classname="day37.Invocationcount" name="Test" time="0.001"/>
  <system-out/>
  <testcase classname="day37.Invocationcount" name="Test" time="0.000"/>
  <system-out/>
  <testcase classname="day37.Invocationcount" name="Test" time="0.000"/>
  <system-out/>
  <testcase classname="day37.Invocationcount" name="Test" time="0.000"/>
  <system-out/>
  <testcase classname="day37.Invocationcount" name="Test" time="0.000"/>
  <system-out/>
  <testcase classname="day37.Invocationcount" name="Test" time="0.000"/>
  <system-out/>
  <testcase classname="day37.Invocationcount" name="Test" time="0.000"/>
  <system-out/>
  <testcase classname="day37.Invocationcount" name="Test" time="0.000"/>
  <system-out/>
  <testcase classname="day37.Invocationcount" name="Test" time="0.000"/>
  <system-out/>
  <testcase classname="day37.Invocationcount" name="Test" time="0.000"/>
  <system-out/>
  <testcase classname="day37.Invocationcount" name="Test" time="0.000"/>
  <system-out/>
  <testcase classname="day37.Invocationcount" name="Test" time="0.000"/>
  <system-out/>
  <testcase classname="day37.Invocationcount" name="Test" time="0.000"/>
  <system-out/>
  <testcase classname="day37.Invocationcount" name="Test" time="0.001"/>
  <system-out/>
  <testcase classname="day37.Invocationcount" name="Test" time="0.000"/>
  <system-out/>
  <testcase classname="day37.Invocationcount" name="Test" time="0.001"/>
  <system-out/>
  <testcase classname="day37.Invocationcount" name="Test" time="0.000"/>
  <system-out/>
  <testcase classname="day37.Invocationcount" name="Test" time="0.000"/>
  <system-out/>
  <testcase classname="day37.Invocationcount" name="Test" time="0.000"/>
  <system-out/>
  <testcase classname="day37.Invocationcount" name="Test" time="0.000"/>
  <system-out/>
  <testcase classname="day37.Invocationcount" name="Test" time="0.000"/>
  <system-out/>
  <testcase classname="day37.Invocationcount" name="Test" time="0.001"/>
  <system-out/>
  <testcase classname="day37.Invocationcount" name="Test" time="0.000"/>
  <system-out/>
  <testcase classname="day37.Invocationcount" name="Test" time="0.001"/>
  <system-out/>
  <testcase classname="day37.Invocationcount" name="Test" time="0.000"/>
  <system-out/>
  <testcase classname="day37.Invocationcount" name="Test" time="0.000"/>
  <system-out/>
  <testcase classname="day37.Invocationcount" name="Test" time="0.000"/>
  <system-out/>
  <testcase classname="day37.Invocationcount" name="Test" time="0.000"/>
  <system-out/>
  <testcase classname="day37.Invocationcount" name="Test" time="0.000"/>
  <system-out/>
  <testcase classname="day37.Invocationcount" name="Test" time="0.000"/>
  <system-out/>
  <testcase classname="day37.Invocationcount" name="Test" time="0.000"/>
  <system-out/>
  <testcase classname="day37.Invocationcount" name="Test" time="0.000"/>
  <system-out/>
  <testcase classname="day37.Invocationcount" name="Test" time="0.000"/>
  <system-out/>
  <testcase classname="day37.Invocationcount" name="Test" time="0.000"/>
  <system-out/>
  <testcase classname="day37.Invocationcount" name="Test" time="0.000"/>
  <system-out/>
  <testcase classname="day37.Invocationcount" name="Test" time="0.000"/>
  <system-out/>
  <testcase classname="day37.Invocationcount" name="Test" time="0.000"/>
  <system-out/>
  <testcase classname="day37.Invocationcount" name="Test" time="0.000"/>
  <system-out/>
  <testcase classname="day37.Invocationcount" name="Test" time="0.000"/>
  <system-out/>
  <testcase classname="day37.Invocationcount" name="Test" time="0.001"/>
  <system-out/>
  <testcase classname="day37.Invocationcount" name="Test" time="0.000"/>
  <system-out/>
  <testcase classname="day37.Invocationcount" name="Test" time="0.001"/>
  <system-out/>
  <testcase classname="day37.Invocationcount" name="Test" time="0.000"/>
  <system-out/>
  <testcase classname="day37.Invocationcount" name="Test" time="0.000"/>
  <system-out/>
  <testcase classname="day37.Invocationcount" name="Test" time="0.001"/>
  <system-out/>
  <testcase classname="day37.Invocationcount" name="Test" time="0.000"/>
  <system-out/>
  <testcase classname="day37.Invocationcount" name="Test" time="0.001"/>
  <system-out/>
  <testcase classname="day37.Invocationcount" name="Test" time="0.000"/>
  <system-out/>
  <testcase classname="day37.Invocationcount" name="Test" time="0.000"/>
  <system-out/>
  <testcase classname="day37.Invocationcount" name="Test" time="0.001"/>
  <system-out/>
  <testcase classname="day37.Invocationcount" name="Test" time="0.000"/>
  <system-out/>
  <testcase classname="day37.Invocationcount" name="Test" time="0.001"/>
  <system-out/>
  <testcase classname="day37.Invocationcount" name="Test" time="0.001"/>
  <system-out/>
  <testcase classname="day37.Invocationcount" name="Test" time="0.000"/>
  <system-out/>
  <testcase classname="day37.Invocationcount" name="Test" time="0.000"/>
  <system-out/>
  <testcase classname="day37.Invocationcount" name="Test" time="0.000"/>
  <system-out/>
  <testcase classname="day37.Invocationcount" name="Test" time="0.000"/>
  <system-out/>
  <testcase classname="day37.Invocationcount" name="Test" time="0.000"/>
  <system-out/>
  <testcase classname="day37.Invocationcount" name="Test" time="0.000"/>
  <system-out/>
  <testcase classname="day37.Invocationcount" name="Test" time="0.000"/>
  <system-out/>
  <testcase classname="day37.Invocationcount" name="Test" time="0.000"/>
  <system-out/>
  <testcase classname="day37.Invocationcount" name="Test" time="0.000"/>
  <system-out/>
  <testcase classname="day37.Invocationcount" name="Test" time="0.000"/>
  <system-out/>
  <testcase classname="day37.Invocationcount" name="Test" time="0.000"/>
  <system-out/>
  <testcase classname="day37.Invocationcount" name="Test" time="0.000"/>
  <system-out/>
  <testcase classname="day37.Invocationcount" name="Test" time="0.000"/>
  <system-out/>
  <testcase classname="day37.Invocationcount" name="Test" time="0.000"/>
  <system-out/>
  <testcase classname="day37.Invocationcount" name="Test" time="0.000"/>
  <system-out/>
  <testcase classname="day37.Invocationcount" name="Test" time="0.001"/>
  <system-out/>
  <testcase classname="day37.Invocationcount" name="Test" time="0.000"/>
  <system-out/>
  <testcase classname="day37.Invocationcount" name="Test" time="0.000"/>
  <system-out/>
  <testcase classname="day37.Invocationcount" name="Test" time="0.001"/>
  <system-out/>
  <testcase classname="day37.Invocationcount" name="Test" time="0.007"/>
  <system-out/>
  <testcase classname="day37.Invocationcount" name="Test" time="0.000"/>
  <system-out/>
  <testcase classname="day37.Invocationcount" name="Test" time="0.000"/>
  <system-out/>
  <testcase classname="day37.Invocationcount" name="Test" time="0.001"/>
  <system-out/>
  <testcase classname="day37.Invocationcount" name="Test" time="0.000"/>
  <system-out/>
  <testcase classname="day37.Invocationcount" name="Test" time="0.000"/>
  <system-out/>
  <testcase classname="day37.Invocationcount" name="Test" time="0.000"/>
  <system-out/>
  <testcase classname="day37.Invocationcount" name="Test" time="0.001"/>
  <system-out/>
  <testcase classname="day37.Invocationcount" name="Test" time="0.001"/>
  <system-out/>
  <testcase classname="day37.Invocationcount" name="Test" time="0.000"/>
  <system-out/>
  <testcase classname="day37.Invocationcount" name="Test" time="0.001"/>
  <system-out/>
  <testcase classname="day37.Invocationcount" name="Test" time="0.000"/>
  <system-out/>
  <testcase classname="day37.Invocationcount" name="Test" time="0.000"/>
  <system-out/>
  <testcase classname="day37.Invocationcount" name="Test" time="0.000"/>
  <system-out/>
  <testcase classname="day37.Invocationcount" name="Test" time="0.001"/>
  <system-out/>
  <testcase classname="day37.Invocationcount" name="Test" time="0.000"/>
  <system-out/>
  <testcase classname="day37.Invocationcount" name="Test" time="0.000"/>
  <system-out/>
  <testcase classname="day37.Invocationcount" name="Test" time="0.000"/>
  <system-out/>
  <testcase classname="day37.Invocationcount" name="Test" time="0.000"/>
  <system-out/>
  <testcase classname="day37.Invocationcount" name="Test" time="0.000"/>
  <system-out/>
  <testcase classname="day37.Invocationcount" name="Test" time="0.000"/>
  <system-out/>
  <testcase classname="day37.Invocationcount" name="Test" time="0.001"/>
  <system-out/>
  <testcase classname="day37.Invocationcount" name="Test" time="0.000"/>
  <system-out/>
  <testcase classname="day37.Invocationcount" name="Test" time="0.001"/>
  <system-out/>
  <testcase classname="day37.Invocationcount" name="Test" time="0.000"/>
  <system-out/>
  <testcase classname="day37.Invocationcount" name="Test" time="0.000"/>
  <system-out/>
  <testcase classname="day37.Invocationcount" name="Test" time="0.000"/>
  <system-out/>
  <testcase classname="day37.Invocationcount" name="Test" time="0.000"/>
  <system-out/>
  <testcase classname="day37.Invocationcount" name="Test" time="0.000"/>
  <system-out/>
  <testcase classname="day37.Invocationcount" name="Test" time="0.000"/>
  <system-out/>
  <testcase classname="day37.Invocationcount" name="Test" time="0.000"/>
  <system-out/>
  <testcase classname="day37.Invocationcount" name="Test" time="0.000"/>
  <system-out/>
  <testcase classname="day37.Invocationcount" name="Test" time="0.003"/>
  <system-out/>
  <testcase classname="day37.Invocationcount" name="Test" time="0.000"/>
  <system-out/>
  <testcase classname="day37.Invocationcount" name="Test" time="0.000"/>
  <system-out/>
  <testcase classname="day37.Invocationcount" name="Test" time="0.000"/>
  <system-out/>
  <testcase classname="day37.Invocationcount" name="Test" time="0.000"/>
  <system-out/>
  <testcase classname="day37.Invocationcount" name="Test" time="0.001"/>
  <system-out/>
  <testcase classname="day37.Invocationcount" name="Test" time="0.000"/>
  <system-out/>
  <testcase classname="day37.Invocationcount" name="Test" time="0.001"/>
  <system-out/>
  <testcase classname="day37.Invocationcount" name="Test" time="0.000"/>
  <system-out/>
  <testcase classname="day37.Invocationcount" name="Test" time="0.000"/>
  <system-out/>
  <testcase classname="day37.Invocationcount" name="Test" time="0.000"/>
  <system-out/>
  <testcase classname="day37.Invocationcount" name="Test" time="0.000"/>
  <system-out/>
  <testcase classname="day37.Invocationcount" name="Test" time="0.000"/>
  <system-out/>
  <testcase classname="day37.Invocationcount" name="Test" time="0.000"/>
  <system-out/>
  <testcase classname="day37.Invocationcount" name="Test" time="0.000"/>
  <system-out/>
  <testcase classname="day37.Invocationcount" name="Test" time="0.000"/>
  <system-out/>
  <testcase classname="day37.Invocationcount" name="Test" time="0.001"/>
  <system-out/>
  <testcase classname="day37.Invocationcount" name="Test" time="0.000"/>
  <system-out/>
  <testcase classname="day37.Invocationcount" name="Test" time="0.000"/>
  <system-out/>
  <testcase classname="day37.Invocationcount" name="Test" time="0.000"/>
  <system-out/>
  <testcase classname="day37.Invocationcount" name="Test" time="0.000"/>
  <system-out/>
  <testcase classname="day37.Invocationcount" name="Test" time="0.000"/>
  <system-out/>
  <testcase classname="day37.Invocationcount" name="Test" time="0.000"/>
  <system-out/>
  <testcase classname="day37.Invocationcount" name="Test" time="0.000"/>
  <system-out/>
  <testcase classname="day37.Invocationcount" name="Test" time="0.000"/>
  <system-out/>
  <testcase classname="day37.Invocationcount" name="Test" time="0.000"/>
  <system-out/>
  <testcase classname="day37.Invocationcount" name="Test" time="0.000"/>
  <system-out/>
  <testcase classname="day37.Invocationcount" name="Test" time="0.000"/>
  <system-out/>
  <testcase classname="day37.Invocationcount" name="Test" time="0.000"/>
  <system-out/>
  <testcase classname="day37.Invocationcount" name="Test" time="0.001"/>
  <system-out/>
  <testcase classname="day37.Invocationcount" name="Test" time="0.000"/>
  <system-out/>
  <testcase classname="day37.Invocationcount" name="Test" time="0.000"/>
  <system-out/>
  <testcase classname="day37.Invocationcount" name="Test" time="0.000"/>
  <system-out/>
  <testcase classname="day37.Invocationcount" name="Test" time="0.000"/>
  <system-out/>
  <testcase classname="day37.Invocationcount" name="Test" time="0.000"/>
  <system-out/>
  <testcase classname="day37.Invocationcount" name="Test" time="0.000"/>
  <system-out/>
  <testcase classname="day37.Invocationcount" name="Test" time="0.000"/>
  <system-out/>
  <testcase classname="day37.Invocationcount" name="Test" time="0.000"/>
  <system-out/>
  <testcase classname="day37.Invocationcount" name="Test" time="0.000"/>
  <system-out/>
  <testcase classname="day37.Invocationcount" name="Test" time="0.000"/>
  <system-out/>
  <testcase classname="day37.Invocationcount" name="Test" time="0.000"/>
  <system-out/>
  <testcase classname="day37.Invocationcount" name="Test" time="0.001"/>
  <system-out/>
  <testcase classname="day37.Invocationcount" name="Test" time="0.001"/>
  <system-out/>
  <testcase classname="day37.Invocationcount" name="Test" time="0.000"/>
  <system-out/>
  <testcase classname="day37.Invocationcount" name="Test" time="0.001"/>
  <system-out/>
  <testcase classname="day37.Invocationcount" name="Test" time="0.000"/>
  <system-out/>
  <testcase classname="day37.Invocationcount" name="Test" time="0.000"/>
  <system-out/>
  <testcase classname="day37.Invocationcount" name="Test" time="0.000"/>
  <system-out/>
  <testcase classname="day37.Invocationcount" name="Test" time="0.000"/>
  <system-out/>
  <testcase classname="day37.Invocationcount" name="Test" time="0.000"/>
  <system-out/>
  <testcase classname="day37.Invocationcount" name="Test" time="0.000"/>
  <system-out/>
  <testcase classname="day37.Invocationcount" name="Test" time="0.000"/>
  <system-out/>
  <testcase classname="day37.Invocationcount" name="Test" time="0.000"/>
  <system-out/>
  <testcase classname="day37.Invocationcount" name="Test" time="0.001"/>
  <system-out/>
  <testcase classname="day37.Invocationcount" name="Test" time="0.000"/>
  <system-out/>
  <testcase classname="day37.Invocationcount" name="Test" time="0.000"/>
  <system-out/>
  <testcase classname="day37.Invocationcount" name="Test" time="0.000"/>
  <system-out/>
  <testcase classname="day37.Invocationcount" name="Test" time="0.000"/>
  <system-out/>
  <testcase classname="day37.Invocationcount" name="Test" time="0.000"/>
  <system-out/>
  <testcase classname="day37.Invocationcount" name="Test" time="0.001"/>
  <system-out/>
  <testcase classname="day37.Invocationcount" name="Test" time="0.001"/>
  <system-out/>
  <testcase classname="day37.Invocationcount" name="Test" time="0.000"/>
  <system-out/>
  <testcase classname="day37.Invocationcount" name="Test" time="0.000"/>
  <system-out/>
  <testcase classname="day37.Invocationcount" name="Test" time="0.000"/>
  <system-out/>
  <testcase classname="day37.Invocationcount" name="Test" time="0.000"/>
  <system-out/>
  <testcase classname="day37.Invocationcount" name="Test" time="0.001"/>
  <system-out/>
  <testcase classname="day37.Invocationcount" name="Test" time="0.000"/>
  <system-out/>
  <testcase classname="day37.Invocationcount" name="Test" time="0.000"/>
  <system-out/>
  <testcase classname="day37.Invocationcount" name="Test" time="0.000"/>
  <system-out/>
  <testcase classname="day37.Invocationcount" name="Test" time="0.000"/>
  <system-out/>
  <testcase classname="day37.Invocationcount" name="Test" time="0.000"/>
  <system-out/>
  <testcase classname="day37.Invocationcount" name="Test" time="0.000"/>
  <system-out/>
  <testcase classname="day37.Invocationcount" name="Test" time="0.000"/>
  <system-out/>
  <testcase classname="day37.Invocationcount" name="Test" time="0.000"/>
  <system-out/>
  <testcase classname="day37.Invocationcount" name="Test" time="0.000"/>
  <system-out/>
  <testcase classname="day37.Invocationcount" name="Test" time="0.000"/>
  <system-out/>
  <testcase classname="day37.Invocationcount" name="Test" time="0.000"/>
  <system-out/>
  <testcase classname="day37.Invocationcount" name="Test" time="0.000"/>
  <system-out/>
  <testcase classname="day37.Invocationcount" name="Test" time="0.000"/>
  <system-out/>
  <testcase classname="day37.Invocationcount" name="Test" time="0.000"/>
  <system-out/>
  <testcase classname="day37.Invocationcount" name="Test" time="0.001"/>
  <system-out/>
  <testcase classname="day37.Invocationcount" name="Test" time="0.001"/>
  <system-out/>
  <testcase classname="day37.Invocationcount" name="Test" time="0.000"/>
  <system-out/>
  <testcase classname="day37.Invocationcount" name="Test" time="0.000"/>
  <system-out/>
  <testcase classname="day37.Invocationcount" name="Test" time="0.000"/>
  <system-out/>
  <testcase classname="day37.Invocationcount" name="Test" time="0.000"/>
  <system-out/>
  <testcase classname="day37.Invocationcount" name="Test" time="0.000"/>
  <system-out/>
  <testcase classname="day37.Invocationcount" name="Test" time="0.000"/>
  <system-out/>
  <testcase classname="day37.Invocationcount" name="Test" time="0.000"/>
  <system-out/>
  <testcase classname="day37.Invocationcount" name="Test" time="0.001"/>
  <system-out/>
  <testcase classname="day37.Invocationcount" name="Test" time="0.000"/>
  <system-out/>
  <testcase classname="day37.Invocationcount" name="Test" time="0.000"/>
  <system-out/>
  <testcase classname="day37.Invocationcount" name="Test" time="0.000"/>
  <system-out/>
  <testcase classname="day37.Invocationcount" name="Test" time="0.001"/>
  <system-out/>
  <testcase classname="day37.Invocationcount" name="Test" time="0.000"/>
  <system-out/>
  <testcase classname="day37.Invocationcount" name="Test" time="0.001"/>
  <system-out/>
  <testcase classname="day37.Invocationcount" name="Test" time="0.000"/>
  <system-out/>
  <testcase classname="day37.Invocationcount" name="Test" time="0.000"/>
  <system-out/>
  <testcase classname="day37.Invocationcount" name="Test" time="0.000"/>
  <system-out/>
  <testcase classname="day37.Invocationcount" name="Test" time="0.001"/>
  <system-out/>
  <testcase classname="day37.Invocationcount" name="Test" time="0.000"/>
  <system-out/>
  <testcase classname="day37.Invocationcount" name="Test" time="0.000"/>
  <system-out/>
  <testcase classname="day37.Invocationcount" name="Test" time="0.000"/>
  <system-out/>
  <testcase classname="day37.Invocationcount" name="Test" time="0.000"/>
  <system-out/>
  <testcase classname="day37.Invocationcount" name="Test" time="0.001"/>
  <system-out/>
  <testcase classname="day37.Invocationcount" name="Test" time="0.001"/>
  <system-out/>
  <testcase classname="day37.Invocationcount" name="Test" time="0.000"/>
  <system-out/>
  <testcase classname="day37.Invocationcount" name="Test" time="0.000"/>
  <system-out/>
  <testcase classname="day37.Invocationcount" name="Test" time="0.000"/>
  <system-out/>
  <testcase classname="day37.Invocationcount" name="Test" time="0.000"/>
  <system-out/>
  <testcase classname="day37.Invocationcount" name="Test" time="0.000"/>
  <system-out/>
  <testcase classname="day37.Invocationcount" name="Test" time="0.000"/>
  <system-out/>
  <testcase classname="day37.Invocationcount" name="Test" time="0.001"/>
  <system-out/>
  <testcase classname="day37.Invocationcount" name="Test" time="0.001"/>
  <system-out/>
  <testcase classname="day37.Invocationcount" name="Test" time="0.001"/>
  <system-out/>
  <testcase classname="day37.Invocationcount" name="Test" time="0.000"/>
  <system-out/>
  <testcase classname="day37.Invocationcount" name="Test" time="0.000"/>
  <system-out/>
  <testcase classname="day37.Invocationcount" name="Test" time="0.000"/>
  <system-out/>
  <testcase classname="day37.Invocationcount" name="Test" time="0.000"/>
  <system-out/>
  <testcase classname="day37.Invocationcount" name="Test" time="0.000"/>
  <system-out/>
  <testcase classname="day37.Invocationcount" name="Test" time="0.000"/>
  <system-out/>
  <testcase classname="day37.Invocationcount" name="Test" time="0.001"/>
  <system-out/>
  <testcase classname="day37.Invocationcount" name="Test" time="0.000"/>
  <system-out/>
  <testcase classname="day37.Invocationcount" name="Test" time="0.001"/>
  <system-out/>
  <testcase classname="day37.Invocationcount" name="Test" time="0.000"/>
  <system-out/>
  <testcase classname="day37.Invocationcount" name="Test" time="0.000"/>
  <system-out/>
  <testcase classname="day37.Invocationcount" name="Test" time="0.000"/>
  <system-out/>
  <testcase classname="day37.Invocationcount" name="Test" time="0.000"/>
  <system-out/>
  <testcase classname="day37.Invocationcount" name="Test" time="0.001"/>
  <system-out/>
  <testcase classname="day37.Invocationcount" name="Test" time="0.000"/>
  <system-out/>
  <testcase classname="day37.Invocationcount" name="Test" time="0.000"/>
  <system-out/>
  <testcase classname="day37.Invocationcount" name="Test" time="0.000"/>
  <system-out/>
  <testcase classname="day37.Invocationcount" name="Test" time="0.000"/>
  <system-out/>
  <testcase classname="day37.Invocationcount" name="Test" time="0.000"/>
  <system-out/>
  <testcase classname="day37.Invocationcount" name="Test" time="0.000"/>
  <system-out/>
  <testcase classname="day37.Invocationcount" name="Test" time="0.000"/>
  <system-out/>
  <testcase classname="day37.Invocationcount" name="Test" time="0.001"/>
  <system-out/>
  <testcase classname="day37.Invocationcount" name="Test" time="0.000"/>
  <system-out/>
  <testcase classname="day37.Invocationcount" name="Test" time="0.000"/>
  <system-out/>
  <testcase classname="day37.Invocationcount" name="Test" time="0.000"/>
  <system-out/>
  <testcase classname="day37.Invocationcount" name="Test" time="0.000"/>
  <system-out/>
  <testcase classname="day37.Invocationcount" name="Test" time="0.000"/>
  <system-out/>
  <testcase classname="day37.Invocationcount" name="Test" time="0.000"/>
  <system-out/>
  <testcase classname="day37.Invocationcount" name="Test" time="0.000"/>
  <system-out/>
  <testcase classname="day37.Invocationcount" name="Test" time="0.000"/>
  <system-out/>
  <testcase classname="day37.Invocationcount" name="Test" time="0.000"/>
  <system-out/>
  <testcase classname="day37.Invocationcount" name="Test" time="0.000"/>
  <system-out/>
  <testcase classname="day37.Invocationcount" name="Test" time="0.000"/>
  <system-out/>
  <testcase classname="day37.Invocationcount" name="Test" time="0.000"/>
  <system-out/>
  <testcase classname="day37.Invocationcount" name="Test" time="0.001"/>
  <system-out/>
  <testcase classname="day37.Invocationcount" name="Test" time="0.000"/>
  <system-out/>
  <testcase classname="day37.Invocationcount" name="Test" time="0.002"/>
  <system-out/>
  <testcase classname="day37.Invocationcount" name="Test" time="0.000"/>
  <system-out/>
  <testcase classname="day37.Invocationcount" name="Test" time="0.000"/>
  <system-out/>
  <testcase classname="day37.Invocationcount" name="Test" time="0.000"/>
  <system-out/>
  <testcase classname="day37.Invocationcount" name="Test" time="0.000"/>
  <system-out/>
  <testcase classname="day37.Invocationcount" name="Test" time="0.000"/>
  <system-out/>
  <testcase classname="day37.Invocationcount" name="Test" time="0.000"/>
  <system-out/>
  <testcase classname="day37.Invocationcount" name="Test" time="0.000"/>
  <system-out/>
  <testcase classname="day37.Invocationcount" name="Test" time="0.000"/>
  <system-out/>
  <testcase classname="day37.Invocationcount" name="Test" time="0.000"/>
  <system-out/>
  <testcase classname="day37.Invocationcount" name="Test" time="0.000"/>
  <system-out/>
  <testcase classname="day37.Invocationcount" name="Test" time="0.000"/>
  <system-out/>
  <testcase classname="day37.Invocationcount" name="Test" time="0.000"/>
  <system-out/>
  <testcase classname="day37.Invocationcount" name="Test" time="0.000"/>
  <system-out/>
  <testcase classname="day37.Invocationcount" name="Test" time="0.000"/>
  <system-out/>
  <testcase classname="day37.Invocationcount" name="Test" time="0.000"/>
  <system-out/>
  <testcase classname="day37.Invocationcount" name="Test" time="0.000"/>
  <system-out/>
  <testcase classname="day37.Invocationcount" name="Test" time="0.000"/>
  <system-out/>
  <testcase classname="day37.Invocationcount" name="Test" time="0.000"/>
  <system-out/>
  <testcase classname="day37.Invocationcount" name="Test" time="0.001"/>
  <system-out/>
  <testcase classname="day37.Invocationcount" name="Test" time="0.000"/>
  <system-out/>
  <testcase classname="day37.Invocationcount" name="Test" time="0.000"/>
  <system-out/>
  <testcase classname="day37.Invocationcount" name="Test" time="0.000"/>
  <system-out/>
  <testcase classname="day37.Invocationcount" name="Test" time="0.000"/>
  <system-out/>
  <testcase classname="day37.Invocationcount" name="Test" time="0.000"/>
  <system-out/>
  <testcase classname="day37.Invocationcount" name="Test" time="0.000"/>
  <system-out/>
  <testcase classname="day37.Invocationcount" name="Test" time="0.000"/>
  <system-out/>
  <testcase classname="day37.Invocationcount" name="Test" time="0.000"/>
  <system-out/>
  <testcase classname="day37.Invocationcount" name="Test" time="0.000"/>
  <system-out/>
  <testcase classname="day37.Invocationcount" name="Test" time="0.002"/>
  <system-out/>
  <testcase classname="day37.Invocationcount" name="Test" time="0.000"/>
  <system-out/>
  <testcase classname="day37.Invocationcount" name="Test" time="0.000"/>
  <system-out/>
  <testcase classname="day37.Invocationcount" name="Test" time="0.000"/>
  <system-out/>
  <testcase classname="day37.Invocationcount" name="Test" time="0.000"/>
  <system-out/>
  <testcase classname="day37.Invocationcount" name="Test" time="0.001"/>
  <system-out/>
  <testcase classname="day37.Invocationcount" name="Test" time="0.000"/>
  <system-out/>
  <testcase classname="day37.Invocationcount" name="Test" time="0.000"/>
  <system-out/>
  <testcase classname="day37.Invocationcount" name="Test" time="0.000"/>
  <system-out/>
  <testcase classname="day37.Invocationcount" name="Test" time="0.000"/>
  <system-out/>
  <testcase classname="day37.Invocationcount" name="Test" time="0.000"/>
  <system-out/>
  <testcase classname="day37.Invocationcount" name="Test" time="0.000"/>
  <system-out/>
  <testcase classname="day37.Invocationcount" name="Test" time="0.001"/>
  <system-out/>
  <testcase classname="day37.Invocationcount" name="Test" time="0.000"/>
  <system-out/>
  <testcase classname="day37.Invocationcount" name="Test" time="0.000"/>
  <system-out/>
  <testcase classname="day37.Invocationcount" name="Test" time="0.000"/>
  <system-out/>
  <testcase classname="day37.Invocationcount" name="Test" time="0.000"/>
  <system-out/>
  <testcase classname="day37.Invocationcount" name="Test" time="0.000"/>
  <system-out/>
  <testcase classname="day37.Invocationcount" name="Test" time="0.000"/>
  <system-out/>
  <testcase classname="day37.Invocationcount" name="Test" time="0.001"/>
  <system-out/>
  <testcase classname="day37.Invocationcount" name="Test" time="0.000"/>
  <system-out/>
  <testcase classname="day37.Invocationcount" name="Test" time="0.000"/>
  <system-out/>
  <testcase classname="day37.Invocationcount" name="Test" time="0.000"/>
  <system-out/>
  <testcase classname="day37.Invocationcount" name="Test" time="0.000"/>
  <system-out/>
  <testcase classname="day37.Invocationcount" name="Test" time="0.000"/>
  <system-out/>
  <testcase classname="day37.Invocationcount" name="Test" time="0.000"/>
  <system-out/>
  <testcase classname="day37.Invocationcount" name="Test" time="0.000"/>
  <system-out/>
  <testcase classname="day37.Invocationcount" name="Test" time="0.000"/>
  <system-out/>
  <testcase classname="day37.Invocationcount" name="Test" time="0.000"/>
  <system-out/>
  <testcase classname="day37.Invocationcount" name="Test" time="0.000"/>
  <system-out/>
  <testcase classname="day37.Invocationcount" name="Test" time="0.000"/>
  <system-out/>
  <testcase classname="day37.Invocationcount" name="Test" time="0.001"/>
  <system-out/>
  <testcase classname="day37.Invocationcount" name="Test" time="0.000"/>
  <system-out/>
  <testcase classname="day37.Invocationcount" name="Test" time="0.000"/>
  <system-out/>
  <testcase classname="day37.Invocationcount" name="Test" time="0.001"/>
  <system-out/>
  <testcase classname="day37.Invocationcount" name="Test" time="0.000"/>
  <system-out/>
  <testcase classname="day37.Invocationcount" name="Test" time="0.001"/>
  <system-out/>
  <testcase classname="day37.Invocationcount" name="Test" time="0.001"/>
  <system-out/>
  <testcase classname="day37.Invocationcount" name="Test" time="0.000"/>
  <system-out/>
  <testcase classname="day37.Invocationcount" name="Test" time="0.000"/>
  <system-out/>
  <testcase classname="day37.Invocationcount" name="Test" time="0.000"/>
  <system-out/>
  <testcase classname="day37.Invocationcount" name="Test" time="0.000"/>
  <system-out/>
  <testcase classname="day37.Invocationcount" name="Test" time="0.001"/>
  <system-out/>
  <testcase classname="day37.Invocationcount" name="Test" time="0.000"/>
  <system-out/>
  <testcase classname="day37.Invocationcount" name="Test" time="0.000"/>
  <system-out/>
  <testcase classname="day37.Invocationcount" name="Test" time="0.000"/>
  <system-out/>
  <testcase classname="day37.Invocationcount" name="Test" time="0.000"/>
  <system-out/>
  <testcase classname="day37.Invocationcount" name="Test" time="0.000"/>
  <system-out/>
  <testcase classname="day37.Invocationcount" name="Test" time="0.000"/>
  <system-out/>
  <testcase classname="day37.Invocationcount" name="Test" time="0.001"/>
  <system-out/>
  <testcase classname="day37.Invocationcount" name="Test" time="0.001"/>
  <system-out/>
  <testcase classname="day37.Invocationcount" name="Test" time="0.000"/>
  <system-out/>
  <testcase classname="day37.Invocationcount" name="Test" time="0.000"/>
  <system-out/>
  <testcase classname="day37.Invocationcount" name="Test" time="0.000"/>
  <system-out/>
  <testcase classname="day37.Invocationcount" name="Test" time="0.000"/>
  <system-out/>
  <testcase classname="day37.Invocationcount" name="Test" time="0.000"/>
  <system-out/>
  <testcase classname="day37.Invocationcount" name="Test" time="0.000"/>
  <system-out/>
  <testcase classname="day37.Invocationcount" name="Test" time="0.001"/>
  <system-out/>
  <testcase classname="day37.Invocationcount" name="Test" time="0.000"/>
  <system-out/>
  <testcase classname="day37.Invocationcount" name="Test" time="0.000"/>
  <system-out/>
  <testcase classname="day37.Invocationcount" name="Test" time="0.000"/>
  <system-out/>
  <testcase classname="day37.Invocationcount" name="Test" time="0.001"/>
  <system-out/>
  <testcase classname="day37.Invocationcount" name="Test" time="0.000"/>
  <system-out/>
  <testcase classname="day37.Invocationcount" name="Test" time="0.000"/>
  <system-out/>
  <testcase classname="day37.Invocationcount" name="Test" time="0.000"/>
  <system-out/>
  <testcase classname="day37.Invocationcount" name="Test" time="0.000"/>
  <system-out/>
  <testcase classname="day37.Invocationcount" name="Test" time="0.001"/>
  <system-out/>
  <testcase classname="day37.Invocationcount" name="Test" time="0.000"/>
  <system-out/>
  <testcase classname="day37.Invocationcount" name="Test" time="0.000"/>
  <system-out/>
  <testcase classname="day37.Invocationcount" name="Test" time="0.001"/>
  <system-out/>
  <testcase classname="day37.Invocationcount" name="Test" time="0.000"/>
  <system-out/>
  <testcase classname="day37.Invocationcount" name="Test" time="0.001"/>
  <system-out/>
  <testcase classname="day37.Invocationcount" name="Test" time="0.000"/>
  <system-out/>
  <testcase classname="day37.Invocationcount" name="Test" time="0.000"/>
  <system-out/>
  <testcase classname="day37.Invocationcount" name="Test" time="0.000"/>
  <system-out/>
  <testcase classname="day37.Invocationcount" name="Test" time="0.001"/>
  <system-out/>
  <testcase classname="day37.Invocationcount" name="Test" time="0.002"/>
  <system-out/>
  <testcase classname="day37.Invocationcount" name="Test" time="0.000"/>
  <system-out/>
  <testcase classname="day37.Invocationcount" name="Test" time="0.001"/>
  <system-out/>
  <testcase classname="day37.Invocationcount" name="Test" time="0.000"/>
  <system-out/>
  <testcase classname="day37.Invocationcount" name="Test" time="0.000"/>
  <system-out/>
  <testcase classname="day37.Invocationcount" name="Test" time="0.001"/>
  <system-out/>
  <testcase classname="day37.Invocationcount" name="Test" time="0.000"/>
  <system-out/>
  <testcase classname="day37.Invocationcount" name="Test" time="0.000"/>
  <system-out/>
  <testcase classname="day37.Invocationcount" name="Test" time="0.001"/>
  <system-out/>
  <testcase classname="day37.Invocationcount" name="Test" time="0.000"/>
  <system-out/>
  <testcase classname="day37.Invocationcount" name="Test" time="0.000"/>
  <system-out/>
  <testcase classname="day37.Invocationcount" name="Test" time="0.000"/>
  <system-out/>
  <testcase classname="day37.Invocationcount" name="Test" time="0.000"/>
  <system-out/>
  <testcase classname="day37.Invocationcount" name="Test" time="0.000"/>
  <system-out/>
  <testcase classname="day37.Invocationcount" name="Test" time="0.001"/>
  <system-out/>
  <testcase classname="day37.Invocationcount" name="Test" time="0.001"/>
  <system-out/>
  <testcase classname="day37.Invocationcount" name="Test" time="0.000"/>
  <system-out/>
  <testcase classname="day37.Invocationcount" name="Test" time="0.000"/>
  <system-out/>
  <testcase classname="day37.Invocationcount" name="Test" time="0.000"/>
  <system-out/>
  <testcase classname="day37.Invocationcount" name="Test" time="0.000"/>
  <system-out/>
  <testcase classname="day37.Invocationcount" name="Test" time="0.000"/>
  <system-out/>
  <testcase classname="day37.Invocationcount" name="Test" time="0.000"/>
  <system-out/>
  <testcase classname="day37.Invocationcount" name="Test" time="0.001"/>
  <system-out/>
  <testcase classname="day37.Invocationcount" name="Test" time="0.000"/>
  <system-out/>
  <testcase classname="day37.Invocationcount" name="Test" time="0.001"/>
  <system-out/>
  <testcase classname="day37.Invocationcount" name="Test" time="0.000"/>
  <system-out/>
  <testcase classname="day37.Invocationcount" name="Test" time="0.000"/>
  <system-out/>
  <testcase classname="day37.Invocationcount" name="Test" time="0.000"/>
  <system-out/>
  <testcase classname="day37.Invocationcount" name="Test" time="0.000"/>
  <system-out/>
  <testcase classname="day37.Invocationcount" name="Test" time="0.000"/>
  <system-out/>
  <testcase classname="day37.Invocationcount" name="Test" time="0.000"/>
  <system-out/>
  <testcase classname="day37.Invocationcount" name="Test" time="0.000"/>
  <system-out/>
  <testcase classname="day37.Invocationcount" name="Test" time="0.000"/>
  <system-out/>
  <testcase classname="day37.Invocationcount" name="Test" time="0.000"/>
  <system-out/>
  <testcase classname="day37.Invocationcount" name="Test" time="0.001"/>
  <system-out/>
  <testcase classname="day37.Invocationcount" name="Test" time="0.000"/>
  <system-out/>
  <testcase classname="day37.Invocationcount" name="Test" time="0.000"/>
  <system-out/>
  <testcase classname="day37.Invocationcount" name="Test" time="0.000"/>
  <system-out/>
  <testcase classname="day37.Invocationcount" name="Test" time="0.000"/>
  <system-out/>
  <testcase classname="day37.Invocationcount" name="Test" time="0.000"/>
  <system-out/>
  <testcase classname="day37.Invocationcount" name="Test" time="0.000"/>
  <system-out/>
  <testcase classname="day37.Invocationcount" name="Test" time="0.000"/>
  <system-out/>
  <testcase classname="day37.Invocationcount" name="Test" time="0.000"/>
  <system-out/>
  <testcase classname="day37.Invocationcount" name="Test" time="0.001"/>
  <system-out/>
  <testcase classname="day37.Invocationcount" name="Test" time="0.000"/>
  <system-out/>
  <testcase classname="day37.Invocationcount" name="Test" time="0.000"/>
  <system-out/>
  <testcase classname="day37.Invocationcount" name="Test" time="0.000"/>
  <system-out/>
  <testcase classname="day37.Invocationcount" name="Test" time="0.000"/>
  <system-out/>
  <testcase classname="day37.Invocationcount" name="Test" time="0.000"/>
  <system-out/>
  <testcase classname="day37.Invocationcount" name="Test" time="0.000"/>
  <system-out/>
  <testcase classname="day37.Invocationcount" name="Test" time="0.000"/>
  <system-out/>
  <testcase classname="day37.Invocationcount" name="Test" time="0.000"/>
  <system-out/>
  <testcase classname="day37.Invocationcount" name="Test" time="0.000"/>
  <system-out/>
  <testcase classname="day37.Invocationcount" name="Test" time="0.000"/>
  <system-out/>
  <testcase classname="day37.Invocationcount" name="Test" time="0.000"/>
  <system-out/>
  <testcase classname="day37.Invocationcount" name="Test" time="0.000"/>
  <system-out/>
  <testcase classname="day37.Invocationcount" name="Test" time="0.001"/>
  <system-out/>
  <testcase classname="day37.Invocationcount" name="Test" time="0.001"/>
  <system-out/>
  <testcase classname="day37.Invocationcount" name="Test" time="0.000"/>
  <system-out/>
  <testcase classname="day37.Invocationcount" name="Test" time="0.001"/>
  <system-out/>
  <testcase classname="day37.Invocationcount" name="Test" time="0.000"/>
  <system-out/>
  <testcase classname="day37.Invocationcount" name="Test" time="0.000"/>
  <system-out/>
  <testcase classname="day37.Invocationcount" name="Test" time="0.000"/>
  <system-out/>
  <testcase classname="day37.Invocationcount" name="Test" time="0.000"/>
  <system-out/>
  <testcase classname="day37.Invocationcount" name="Test" time="0.000"/>
  <system-out/>
  <testcase classname="day37.Invocationcount" name="Test" time="0.000"/>
  <system-out/>
  <testcase classname="day37.Invocationcount" name="Test" time="0.000"/>
  <system-out/>
  <testcase classname="day37.Invocationcount" name="Test" time="0.000"/>
  <system-out/>
  <testcase classname="day37.Invocationcount" name="Test" time="0.001"/>
  <system-out/>
  <testcase classname="day37.Invocationcount" name="Test" time="0.000"/>
  <system-out/>
  <testcase classname="day37.Invocationcount" name="Test" time="0.000"/>
  <system-out/>
  <testcase classname="day37.Invocationcount" name="Test" time="0.001"/>
  <system-out/>
  <testcase classname="day37.Invocationcount" name="Test" time="0.000"/>
  <system-out/>
  <testcase classname="day37.Invocationcount" name="Test" time="0.000"/>
  <system-out/>
  <testcase classname="day37.Invocationcount" name="Test" time="0.000"/>
  <system-out/>
  <testcase classname="day37.Invocationcount" name="Test" time="0.000"/>
  <system-out/>
  <testcase classname="day37.Invocationcount" name="Test" time="0.000"/>
  <system-out/>
  <testcase classname="day37.Invocationcount" name="Test" time="0.001"/>
  <system-out/>
  <testcase classname="day37.Invocationcount" name="Test" time="0.000"/>
  <system-out/>
  <testcase classname="day37.Invocationcount" name="Test" time="0.000"/>
  <system-out/>
  <testcase classname="day37.Invocationcount" name="Test" time="0.000"/>
  <system-out/>
  <testcase classname="day37.Invocationcount" name="Test" time="0.000"/>
  <system-out/>
  <testcase classname="day37.Invocationcount" name="Test" time="0.001"/>
  <system-out/>
  <testcase classname="day37.Invocationcount" name="Test" time="0.000"/>
  <system-out/>
  <testcase classname="day37.Invocationcount" name="Test" time="0.000"/>
  <system-out/>
  <testcase classname="day37.Invocationcount" name="Test" time="0.000"/>
  <system-out/>
  <testcase classname="day37.Invocationcount" name="Test" time="0.001"/>
  <system-out/>
  <testcase classname="day37.Invocationcount" name="Test" time="0.000"/>
  <system-out/>
  <testcase classname="day37.Invocationcount" name="Test" time="0.000"/>
  <system-out/>
  <testcase classname="day37.Invocationcount" name="Test" time="0.000"/>
  <system-out/>
  <testcase classname="day37.Invocationcount" name="Test" time="0.000"/>
  <system-out/>
  <testcase classname="day37.Invocationcount" name="Test" time="0.000"/>
  <system-out/>
  <testcase classname="day37.Invocationcount" name="Test" time="0.000"/>
  <system-out/>
  <testcase classname="day37.Invocationcount" name="Test" time="0.000"/>
  <system-out/>
  <testcase classname="day37.Invocationcount" name="Test" time="0.001"/>
  <system-out/>
  <testcase classname="day37.Invocationcount" name="Test" time="0.000"/>
  <system-out/>
  <testcase classname="day37.Invocationcount" name="Test" time="0.000"/>
  <system-out/>
  <testcase classname="day37.Invocationcount" name="Test" time="0.000"/>
  <system-out/>
  <testcase classname="day37.Invocationcount" name="Test" time="0.000"/>
  <system-out/>
  <testcase classname="day37.Invocationcount" name="Test" time="0.000"/>
  <system-out/>
  <testcase classname="day37.Invocationcount" name="Test" time="0.000"/>
  <system-out/>
  <testcase classname="day37.Invocationcount" name="Test" time="0.000"/>
  <system-out/>
  <testcase classname="day37.Invocationcount" name="Test" time="0.001"/>
  <system-out/>
  <testcase classname="day37.Invocationcount" name="Test" time="0.000"/>
  <system-out/>
  <testcase classname="day37.Invocationcount" name="Test" time="0.000"/>
  <system-out/>
  <testcase classname="day37.Invocationcount" name="Test" time="0.000"/>
  <system-out/>
  <testcase classname="day37.Invocationcount" name="Test" time="0.001"/>
  <system-out/>
  <testcase classname="day37.Invocationcount" name="Test" time="0.001"/>
  <system-out/>
  <testcase classname="day37.Invocationcount" name="Test" time="0.001"/>
  <system-out/>
  <testcase classname="day37.Invocationcount" name="Test" time="0.000"/>
  <system-out/>
  <testcase classname="day37.Invocationcount" name="Test" time="0.000"/>
  <system-out/>
  <testcase classname="day37.Invocationcount" name="Test" time="0.000"/>
  <system-out/>
  <testcase classname="day37.Invocationcount" name="Test" time="0.001"/>
  <system-out/>
  <testcase classname="day37.Invocationcount" name="Test" time="0.000"/>
  <system-out/>
  <testcase classname="day37.Invocationcount" name="Test" time="0.000"/>
  <system-out/>
  <testcase classname="day37.Invocationcount" name="Test" time="0.000"/>
  <system-out/>
  <testcase classname="day37.Invocationcount" name="Test" time="0.000"/>
  <system-out/>
  <testcase classname="day37.Invocationcount" name="Test" time="0.000"/>
  <system-out/>
  <testcase classname="day37.Invocationcount" name="Test" time="0.000"/>
  <system-out/>
  <testcase classname="day37.Invocationcount" name="Test" time="0.000"/>
  <system-out/>
  <testcase classname="day37.Invocationcount" name="Test" time="0.000"/>
  <system-out/>
  <testcase classname="day37.Invocationcount" name="Test" time="0.000"/>
  <system-out/>
  <testcase classname="day37.Invocationcount" name="Test" time="0.001"/>
  <system-out/>
  <testcase classname="day37.Invocationcount" name="Test" time="0.000"/>
  <system-out/>
  <testcase classname="day37.Invocationcount" name="Test" time="0.001"/>
  <system-out/>
  <testcase classname="day37.Invocationcount" name="Test" time="0.000"/>
  <system-out/>
  <testcase classname="day37.Invocationcount" name="Test" time="0.000"/>
  <system-out/>
  <testcase classname="day37.Invocationcount" name="Test" time="0.000"/>
  <system-out/>
  <testcase classname="day37.Invocationcount" name="Test" time="0.001"/>
  <system-out/>
  <testcase classname="day37.Invocationcount" name="Test" time="0.000"/>
  <system-out/>
  <testcase classname="day37.Invocationcount" name="Test" time="0.000"/>
  <system-out/>
  <testcase classname="day37.Invocationcount" name="Test" time="0.001"/>
  <system-out/>
  <testcase classname="day37.Invocationcount" name="Test" time="0.000"/>
  <system-out/>
  <testcase classname="day37.Invocationcount" name="Test" time="0.000"/>
  <system-out/>
  <testcase classname="day37.Invocationcount" name="Test" time="0.013"/>
  <system-out/>
  <testcase classname="day37.Invocationcount" name="Test" time="0.000"/>
  <system-out/>
  <testcase classname="day37.Invocationcount" name="Test" time="0.000"/>
  <system-out/>
  <testcase classname="day37.Invocationcount" name="Test" time="0.000"/>
  <system-out/>
  <testcase classname="day37.Invocationcount" name="Test" time="0.001"/>
  <system-out/>
  <testcase classname="day37.Invocationcount" name="Test" time="0.000"/>
  <system-out/>
  <testcase classname="day37.Invocationcount" name="Test" time="0.000"/>
  <system-out/>
  <testcase classname="day37.Invocationcount" name="Test" time="0.001"/>
  <system-out/>
  <testcase classname="day37.Invocationcount" name="Test" time="0.000"/>
  <system-out/>
  <testcase classname="day37.Invocationcount" name="Test" time="0.000"/>
  <system-out/>
  <testcase classname="day37.Invocationcount" name="Test" time="0.001"/>
  <system-out/>
  <testcase classname="day37.Invocationcount" name="Test" time="0.000"/>
  <system-out/>
  <testcase classname="day37.Invocationcount" name="Test" time="0.000"/>
  <system-out/>
  <testcase classname="day37.Invocationcount" name="Test" time="0.001"/>
  <system-out/>
  <testcase classname="day37.Invocationcount" name="Test" time="0.000"/>
  <system-out/>
  <testcase classname="day37.Invocationcount" name="Test" time="0.000"/>
  <system-out/>
  <testcase classname="day37.Invocationcount" name="Test" time="0.000"/>
  <system-out/>
  <testcase classname="day37.Invocationcount" name="Test" time="0.001"/>
  <system-out/>
  <testcase classname="day37.Invocationcount" name="Test" time="0.000"/>
  <system-out/>
  <testcase classname="day37.Invocationcount" name="Test" time="0.000"/>
  <system-out/>
  <testcase classname="day37.Invocationcount" name="Test" time="0.000"/>
  <system-out/>
  <testcase classname="day37.Invocationcount" name="Test" time="0.000"/>
  <system-out/>
  <testcase classname="day37.Invocationcount" name="Test" time="0.000"/>
  <system-out/>
  <testcase classname="day37.Invocationcount" name="Test" time="0.000"/>
  <system-out/>
  <testcase classname="day37.Invocationcount" name="Test" time="0.000"/>
  <system-out/>
  <testcase classname="day37.Invocationcount" name="Test" time="0.000"/>
  <system-out/>
  <testcase classname="day37.Invocationcount" name="Test" time="0.000"/>
  <system-out/>
  <testcase classname="day37.Invocationcount" name="Test" time="0.000"/>
  <system-out/>
  <testcase classname="day37.Invocationcount" name="Test" time="0.000"/>
  <system-out/>
  <testcase classname="day37.Invocationcount" name="Test" time="0.000"/>
  <system-out/>
  <testcase classname="day37.Invocationcount" name="Test" time="0.000"/>
  <system-out/>
  <testcase classname="day37.Invocationcount" name="Test" time="0.000"/>
  <system-out/>
  <testcase classname="day37.Invocationcount" name="Test" time="0.000"/>
  <system-out/>
  <testcase classname="day37.Invocationcount" name="Test" time="0.000"/>
  <system-out/>
  <testcase classname="day37.Invocationcount" name="Test" time="0.000"/>
  <system-out/>
  <testcase classname="day37.Invocationcount" name="Test" time="0.001"/>
  <system-out/>
  <testcase classname="day37.Invocationcount" name="Test" time="0.000"/>
  <system-out/>
  <testcase classname="day37.Invocationcount" name="Test" time="0.000"/>
  <system-out/>
  <testcase classname="day37.Invocationcount" name="Test" time="0.000"/>
  <system-out/>
  <testcase classname="day37.Invocationcount" name="Test" time="0.000"/>
  <system-out/>
  <testcase classname="day37.Invocationcount" name="Test" time="0.000"/>
  <system-out/>
  <testcase classname="day37.Invocationcount" name="Test" time="0.000"/>
  <system-out/>
  <testcase classname="day37.Invocationcount" name="Test" time="0.000"/>
  <system-out/>
  <testcase classname="day37.Invocationcount" name="Test" time="0.000"/>
  <system-out/>
  <testcase classname="day37.Invocationcount" name="Test" time="0.000"/>
  <system-out/>
  <testcase classname="day37.Invocationcount" name="Test" time="0.000"/>
  <system-out/>
  <testcase classname="day37.Invocationcount" name="Test" time="0.000"/>
  <system-out/>
  <testcase classname="day37.Invocationcount" name="Test" time="0.000"/>
  <system-out/>
  <testcase classname="day37.Invocationcount" name="Test" time="0.000"/>
  <system-out/>
  <testcase classname="day37.Invocationcount" name="Test" time="0.001"/>
  <system-out/>
  <testcase classname="day37.Invocationcount" name="Test" time="0.000"/>
  <system-out/>
  <testcase classname="day37.Invocationcount" name="Test" time="0.000"/>
  <system-out/>
  <testcase classname="day37.Invocationcount" name="Test" time="0.000"/>
  <system-out/>
  <testcase classname="day37.Invocationcount" name="Test" time="0.000"/>
  <system-out/>
  <testcase classname="day37.Invocationcount" name="Test" time="0.000"/>
  <system-out/>
  <testcase classname="day37.Invocationcount" name="Test" time="0.001"/>
  <system-out/>
  <testcase classname="day37.Invocationcount" name="Test" time="0.000"/>
  <system-out/>
  <testcase classname="day37.Invocationcount" name="Test" time="0.000"/>
  <system-out/>
  <testcase classname="day37.Invocationcount" name="Test" time="0.000"/>
  <system-out/>
  <testcase classname="day37.Invocationcount" name="Test" time="0.000"/>
  <system-out/>
  <testcase classname="day37.Invocationcount" name="Test" time="0.000"/>
  <system-out/>
  <testcase classname="day37.Invocationcount" name="Test" time="0.001"/>
  <system-out/>
  <testcase classname="day37.Invocationcount" name="Test" time="0.000"/>
  <system-out/>
  <testcase classname="day37.Invocationcount" name="Test" time="0.000"/>
  <system-out/>
  <testcase classname="day37.Invocationcount" name="Test" time="0.000"/>
  <system-out/>
  <testcase classname="day37.Invocationcount" name="Test" time="0.000"/>
  <system-out/>
  <testcase classname="day37.Invocationcount" name="Test" time="0.001"/>
  <system-out/>
  <testcase classname="day37.Invocationcount" name="Test" time="0.000"/>
  <system-out/>
  <testcase classname="day37.Invocationcount" name="Test" time="0.000"/>
  <system-out/>
  <testcase classname="day37.Invocationcount" name="Test" time="0.000"/>
  <system-out/>
  <testcase classname="day37.Invocationcount" name="Test" time="0.000"/>
  <system-out/>
  <testcase classname="day37.Invocationcount" name="Test" time="0.000"/>
  <system-out/>
  <testcase classname="day37.Invocationcount" name="Test" time="0.000"/>
  <system-out/>
  <testcase classname="day37.Invocationcount" name="Test" time="0.000"/>
  <system-out/>
  <testcase classname="day37.Invocationcount" name="Test" time="0.000"/>
  <system-out/>
  <testcase classname="day37.Invocationcount" name="Test" time="0.000"/>
  <system-out/>
  <testcase classname="day37.Invocationcount" name="Test" time="0.000"/>
  <system-out/>
  <testcase classname="day37.Invocationcount" name="Test" time="0.000"/>
  <system-out/>
  <testcase classname="day37.Invocationcount" name="Test" time="0.000"/>
  <system-out/>
  <testcase classname="day37.Invocationcount" name="Test" time="0.000"/>
  <system-out/>
  <testcase classname="day37.Invocationcount" name="Test" time="0.000"/>
  <system-out/>
  <testcase classname="day37.Invocationcount" name="Test" time="0.000"/>
  <system-out/>
  <testcase classname="day37.Invocationcount" name="Test" time="0.000"/>
  <system-out/>
  <testcase classname="day37.Invocationcount" name="Test" time="0.000"/>
  <system-out/>
  <testcase classname="day37.Invocationcount" name="Test" time="0.000"/>
  <system-out/>
  <testcase classname="day37.Invocationcount" name="Test" time="0.001"/>
  <system-out/>
  <testcase classname="day37.Invocationcount" name="Test" time="0.000"/>
  <system-out/>
  <testcase classname="day37.Invocationcount" name="Test" time="0.001"/>
  <system-out/>
  <testcase classname="day37.Invocationcount" name="Test" time="0.000"/>
  <system-out/>
  <testcase classname="day37.Invocationcount" name="Test" time="0.000"/>
  <system-out/>
  <testcase classname="day37.Invocationcount" name="Test" time="0.000"/>
  <system-out/>
  <testcase classname="day37.Invocationcount" name="Test" time="0.000"/>
  <system-out/>
  <testcase classname="day37.Invocationcount" name="Test" time="0.000"/>
  <system-out/>
  <testcase classname="day37.Invocationcount" name="Test" time="0.000"/>
  <system-out/>
  <testcase classname="day37.Invocationcount" name="Test" time="0.000"/>
  <system-out/>
  <testcase classname="day37.Invocationcount" name="Test" time="0.001"/>
  <system-out/>
  <testcase classname="day37.Invocationcount" name="Test" time="0.000"/>
  <system-out/>
  <testcase classname="day37.Invocationcount" name="Test" time="0.000"/>
  <system-out/>
  <testcase classname="day37.Invocationcount" name="Test" time="0.000"/>
  <system-out/>
  <testcase classname="day37.Invocationcount" name="Test" time="0.000"/>
  <system-out/>
  <testcase classname="day37.Invocationcount" name="Test" time="0.000"/>
  <system-out/>
  <testcase classname="day37.Invocationcount" name="Test" time="0.000"/>
  <system-out/>
  <testcase classname="day37.Invocationcount" name="Test" time="0.000"/>
  <system-out/>
  <testcase classname="day37.Invocationcount" name="Test" time="0.000"/>
  <system-out/>
  <testcase classname="day37.Invocationcount" name="Test" time="0.001"/>
  <system-out/>
  <testcase classname="day37.Invocationcount" name="Test" time="0.000"/>
  <system-out/>
  <testcase classname="day37.Invocationcount" name="Test" time="0.002"/>
  <system-out/>
  <testcase classname="day37.Invocationcount" name="Test" time="0.000"/>
  <system-out/>
  <testcase classname="day37.Invocationcount" name="Test" time="0.000"/>
  <system-out/>
  <testcase classname="day37.Invocationcount" name="Test" time="0.000"/>
  <system-out/>
  <testcase classname="day37.Invocationcount" name="Test" time="0.000"/>
  <system-out/>
  <testcase classname="day37.Invocationcount" name="Test" time="0.000"/>
  <system-out/>
  <testcase classname="day37.Invocationcount" name="Test" time="0.000"/>
  <system-out/>
  <testcase classname="day37.Invocationcount" name="Test" time="0.000"/>
  <system-out/>
  <testcase classname="day37.Invocationcount" name="Test" time="0.001"/>
  <system-out/>
  <testcase classname="day37.Invocationcount" name="Test" time="0.001"/>
  <system-out/>
  <testcase classname="day37.Invocationcount" name="Test" time="0.000"/>
  <system-out/>
  <testcase classname="day37.Invocationcount" name="Test" time="0.001"/>
  <system-out/>
  <testcase classname="day37.Invocationcount" name="Test" time="0.000"/>
  <system-out/>
  <testcase classname="day37.Invocationcount" name="Test" time="0.001"/>
  <system-out/>
  <testcase classname="day37.Invocationcount" name="Test" time="0.000"/>
  <system-out/>
  <testcase classname="day37.Invocationcount" name="Test" time="0.001"/>
  <system-out/>
  <testcase classname="day37.Invocationcount" name="Test" time="0.000"/>
  <system-out/>
  <testcase classname="day37.Invocationcount" name="Test" time="0.000"/>
  <system-out/>
  <testcase classname="day37.Invocationcount" name="Test" time="0.000"/>
  <system-out/>
  <testcase classname="day37.Invocationcount" name="Test" time="0.000"/>
  <system-out/>
  <testcase classname="day37.Invocationcount" name="Test" time="0.000"/>
  <system-out/>
  <testcase classname="day37.Invocationcount" name="Test" time="0.000"/>
  <system-out/>
  <testcase classname="day37.Invocationcount" name="Test" time="0.000"/>
  <system-out/>
  <testcase classname="day37.Invocationcount" name="Test" time="0.001"/>
  <system-out/>
  <testcase classname="day37.Invocationcount" name="Test" time="0.000"/>
  <system-out/>
  <testcase classname="day37.Invocationcount" name="Test" time="0.000"/>
  <system-out/>
  <testcase classname="day37.Invocationcount" name="Test" time="0.000"/>
  <system-out/>
  <testcase classname="day37.Invocationcount" name="Test" time="0.001"/>
  <system-out/>
  <testcase classname="day37.Invocationcount" name="Test" time="0.001"/>
  <system-out/>
  <testcase classname="day37.Invocationcount" name="Test" time="0.000"/>
  <system-out/>
  <testcase classname="day37.Invocationcount" name="Test" time="0.000"/>
  <system-out/>
  <testcase classname="day37.Invocationcount" name="Test" time="0.000"/>
  <system-out/>
  <testcase classname="day37.Invocationcount" name="Test" time="0.000"/>
  <system-out/>
  <testcase classname="day37.Invocationcount" name="Test" time="0.001"/>
  <system-out/>
  <testcase classname="day37.Invocationcount" name="Test" time="0.000"/>
  <system-out/>
  <testcase classname="day37.Invocationcount" name="Test" time="0.000"/>
  <system-out/>
  <testcase classname="day37.Invocationcount" name="Test" time="0.000"/>
  <system-out/>
  <testcase classname="day37.Invocationcount" name="Test" time="0.000"/>
  <system-out/>
  <testcase classname="day37.Invocationcount" name="Test" time="0.001"/>
  <system-out/>
  <testcase classname="day37.Invocationcount" name="Test" time="0.001"/>
  <system-out/>
  <testcase classname="day37.Invocationcount" name="Test" time="0.001"/>
  <system-out/>
  <testcase classname="day37.Invocationcount" name="Test" time="0.000"/>
  <system-out/>
  <testcase classname="day37.Invocationcount" name="Test" time="0.001"/>
  <system-out/>
  <testcase classname="day37.Invocationcount" name="Test" time="0.000"/>
  <system-out/>
  <testcase classname="day37.Invocationcount" name="Test" time="0.000"/>
  <system-out/>
  <testcase classname="day37.Invocationcount" name="Test" time="0.000"/>
  <system-out/>
  <testcase classname="day37.Invocationcount" name="Test" time="0.000"/>
  <system-out/>
  <testcase classname="day37.Invocationcount" name="Test" time="0.000"/>
  <system-out/>
  <testcase classname="day37.Invocationcount" name="Test" time="0.001"/>
  <system-out/>
  <testcase classname="day37.Invocationcount" name="Test" time="0.000"/>
  <system-out/>
  <testcase classname="day37.Invocationcount" name="Test" time="0.000"/>
  <system-out/>
  <testcase classname="day37.Invocationcount" name="Test" time="0.000"/>
  <system-out/>
  <testcase classname="day37.Invocationcount" name="Test" time="0.000"/>
  <system-out/>
  <testcase classname="day37.Invocationcount" name="Test" time="0.000"/>
  <system-out/>
  <testcase classname="day37.Invocationcount" name="Test" time="0.001"/>
  <system-out/>
  <testcase classname="day37.Invocationcount" name="Test" time="0.000"/>
  <system-out/>
  <testcase classname="day37.Invocationcount" name="Test" time="0.001"/>
  <system-out/>
  <testcase classname="day37.Invocationcount" name="Test" time="0.000"/>
  <system-out/>
  <testcase classname="day37.Invocationcount" name="Test" time="0.000"/>
  <system-out/>
  <testcase classname="day37.Invocationcount" name="Test" time="0.001"/>
  <system-out/>
  <testcase classname="day37.Invocationcount" name="Test" time="0.000"/>
  <system-out/>
  <testcase classname="day37.Invocationcount" name="Test" time="0.000"/>
  <system-out/>
  <testcase classname="day37.Invocationcount" name="Test" time="0.001"/>
  <system-out/>
  <testcase classname="day37.Invocationcount" name="Test" time="0.001"/>
  <system-out/>
  <testcase classname="day37.Invocationcount" name="Test" time="0.000"/>
  <system-out/>
  <testcase classname="day37.Invocationcount" name="Test" time="0.000"/>
  <system-out/>
  <testcase classname="day37.Invocationcount" name="Test" time="0.000"/>
  <system-out/>
  <testcase classname="day37.Invocationcount" name="Test" time="0.000"/>
  <system-out/>
  <testcase classname="day37.Invocationcount" name="Test" time="0.001"/>
  <system-out/>
  <testcase classname="day37.Invocationcount" name="Test" time="0.000"/>
  <system-out/>
  <testcase classname="day37.Invocationcount" name="Test" time="0.000"/>
  <system-out/>
  <testcase classname="day37.Invocationcount" name="Test" time="0.000"/>
  <system-out/>
  <testcase classname="day37.Invocationcount" name="Test" time="0.000"/>
  <system-out/>
  <testcase classname="day37.Invocationcount" name="Test" time="0.000"/>
  <system-out/>
  <testcase classname="day37.Invocationcount" name="Test" time="0.000"/>
  <system-out/>
  <testcase classname="day37.Invocationcount" name="Test" time="0.000"/>
  <system-out/>
  <testcase classname="day37.Invocationcount" name="Test" time="0.002"/>
  <system-out/>
  <testcase classname="day37.Invocationcount" name="Test" time="0.001"/>
  <system-out/>
  <testcase classname="day37.Invocationcount" name="Test" time="0.000"/>
  <system-out/>
  <testcase classname="day37.Invocationcount" name="Test" time="0.001"/>
  <system-out/>
  <testcase classname="day37.Invocationcount" name="Test" time="0.000"/>
  <system-out/>
  <testcase classname="day37.Invocationcount" name="Test" time="0.000"/>
  <system-out/>
  <testcase classname="day37.Invocationcount" name="Test" time="0.000"/>
  <system-out/>
  <testcase classname="day37.Invocationcount" name="Test" time="0.000"/>
  <system-out/>
  <testcase classname="day37.Invocationcount" name="Test" time="0.000"/>
  <system-out/>
  <testcase classname="day37.Invocationcount" name="Test" time="0.001"/>
  <system-out/>
  <testcase classname="day37.Invocationcount" name="Test" time="0.001"/>
  <system-out/>
  <testcase classname="day37.Invocationcount" name="Test" time="0.000"/>
  <system-out/>
  <testcase classname="day37.Invocationcount" name="Test" time="0.000"/>
  <system-out/>
  <testcase classname="day37.Invocationcount" name="Test" time="0.000"/>
  <system-out/>
  <testcase classname="day37.Invocationcount" name="Test" time="0.000"/>
  <system-out/>
  <testcase classname="day37.Invocationcount" name="Test" time="0.000"/>
  <system-out/>
  <testcase classname="day37.Invocationcount" name="Test" time="0.000"/>
  <system-out/>
  <testcase classname="day37.Invocationcount" name="Test" time="0.000"/>
  <system-out/>
  <testcase classname="day37.Invocationcount" name="Test" time="0.000"/>
  <system-out/>
  <testcase classname="day37.Invocationcount" name="Test" time="0.000"/>
  <system-out/>
  <testcase classname="day37.Invocationcount" name="Test" time="0.000"/>
  <system-out/>
  <testcase classname="day37.Invocationcount" name="Test" time="0.000"/>
  <system-out/>
  <testcase classname="day37.Invocationcount" name="Test" time="0.000"/>
  <system-out/>
  <testcase classname="day37.Invocationcount" name="Test" time="0.001"/>
  <system-out/>
  <testcase classname="day37.Invocationcount" name="Test" time="0.000"/>
  <system-out/>
  <testcase classname="day37.Invocationcount" name="Test" time="0.000"/>
  <system-out/>
  <testcase classname="day37.Invocationcount" name="Test" time="0.000"/>
  <system-out/>
  <testcase classname="day37.Invocationcount" name="Test" time="0.000"/>
  <system-out/>
  <testcase classname="day37.Invocationcount" name="Test" time="0.000"/>
  <system-out/>
  <testcase classname="day37.Invocationcount" name="Test" time="0.000"/>
  <system-out/>
  <testcase classname="day37.Invocationcount" name="Test" time="0.000"/>
  <system-out/>
  <testcase classname="day37.Invocationcount" name="Test" time="0.000"/>
  <system-out/>
  <testcase classname="day37.Invocationcount" name="Test" time="0.000"/>
  <system-out/>
  <testcase classname="day37.Invocationcount" name="Test" time="0.000"/>
  <system-out/>
  <testcase classname="day37.Invocationcount" name="Test" time="0.000"/>
  <system-out/>
  <testcase classname="day37.Invocationcount" name="Test" time="0.000"/>
  <system-out/>
  <testcase classname="day37.Invocationcount" name="Test" time="0.000"/>
  <system-out/>
</testsuite> <!-- day37.Invocationcount -->
