<?xml version="1.0" encoding="UTF-8"?>
<!-- Generated by org.testng.reporters.JUnitReportReporter -->
<testsuite hostname="mosin" failures="0" tests="2" name="day35.AllAnnotations" time="0.010" errors="0" timestamp="2024-02-05T10:47:36 IST" skipped="0">
  <testcase classname="day35.AllAnnotations" name="test1" time="0.006"/>
  <system-out/>
  <testcase classname="day35.AllAnnotations" name="test2" time="0.004"/>
  <system-out/>
</testsuite> <!-- day35.AllAnnotations -->
