<?xml version="1.0" encoding="UTF-8"?>
<!-- Generated by org.testng.reporters.JUnitReportReporter -->
<testsuite hostname="mosin" failures="0" tests="3" name="day36.Grouping" time="0.010" errors="0" timestamp="2024-02-05T13:52:45 IST" skipped="0">
  <testcase classname="day36.Grouping" name="signupbyfacebook" time="0.008"/>
  <system-out/>
  <testcase classname="day36.Grouping" name="signupbytwitter" time="0.001"/>
  <system-out/>
  <testcase classname="day36.Grouping" name="paymentreturnbybank" time="0.001"/>
  <system-out/>
</testsuite> <!-- day36.Grouping -->
